CRITICAL - 2024-08-30 04:19:48 --> ErrorException: Undefined array key "Usuario"
[Method: GET, Route: /]
in APPPATH\Controllers\Login.php on line 22.
 1 APPPATH\Controllers\Login.php(22): CodeIgniter\Debug\Exceptions->errorHandler(2, 'Undefined array key "Usuario"', 'C:\\xampp\\htdocs\\web.local\\app\\Controllers\\Login.php', 22)
 2 SYSTEMPATH\CodeIgniter.php(933): App\Controllers\Login->autenticar()
 3 SYSTEMPATH\CodeIgniter.php(509): CodeIgniter\CodeIgniter->runController(Object(App\Controllers\Login))
 4 SYSTEMPATH\CodeIgniter.php(355): CodeIgniter\CodeIgniter->handleRequest(null, Object(Config\Cache), false)
 5 SYSTEMPATH\Boot.php(325): CodeIgniter\CodeIgniter->run()
 6 SYSTEMPATH\Boot.php(67): CodeIgniter\Boot::runCodeIgniter(Object(CodeIgniter\CodeIgniter))
 7 FCPATH\index.php(56): CodeIgniter\Boot::bootWeb(Object(Config\Paths))
CRITICAL - 2024-08-30 08:08:56 --> Error: Class "web" not found
[Method: GET, Route: projetos/listar]
in APPPATH\Controllers\Home.php on line 19.
 1 SYSTEMPATH\CodeIgniter.php(933): App\Controllers\Home->listar()
 2 SYSTEMPATH\CodeIgniter.php(509): CodeIgniter\CodeIgniter->runController(Object(App\Controllers\Home))
 3 SYSTEMPATH\CodeIgniter.php(355): CodeIgniter\CodeIgniter->handleRequest(null, Object(Config\Cache), false)
 4 SYSTEMPATH\Boot.php(325): CodeIgniter\CodeIgniter->run()
 5 SYSTEMPATH\Boot.php(67): CodeIgniter\Boot::runCodeIgniter(Object(CodeIgniter\CodeIgniter))
 6 FCPATH\index.php(56): CodeIgniter\Boot::bootWeb(Object(Config\Paths))
CRITICAL - 2024-08-30 08:09:11 --> Error: Class "web" not found
[Method: GET, Route: projetos/listar]
in APPPATH\Controllers\Home.php on line 19.
 1 SYSTEMPATH\CodeIgniter.php(933): App\Controllers\Home->listar()
 2 SYSTEMPATH\CodeIgniter.php(509): CodeIgniter\CodeIgniter->runController(Object(App\Controllers\Home))
 3 SYSTEMPATH\CodeIgniter.php(355): CodeIgniter\CodeIgniter->handleRequest(null, Object(Config\Cache), false)
 4 SYSTEMPATH\Boot.php(325): CodeIgniter\CodeIgniter->run()
 5 SYSTEMPATH\Boot.php(67): CodeIgniter\Boot::runCodeIgniter(Object(CodeIgniter\CodeIgniter))
 6 FCPATH\index.php(56): CodeIgniter\Boot::bootWeb(Object(Config\Paths))
CRITICAL - 2024-08-30 08:09:13 --> Error: Class "web" not found
[Method: GET, Route: projetos/listar]
in APPPATH\Controllers\Home.php on line 19.
 1 SYSTEMPATH\CodeIgniter.php(933): App\Controllers\Home->listar()
 2 SYSTEMPATH\CodeIgniter.php(509): CodeIgniter\CodeIgniter->runController(Object(App\Controllers\Home))
 3 SYSTEMPATH\CodeIgniter.php(355): CodeIgniter\CodeIgniter->handleRequest(null, Object(Config\Cache), false)
 4 SYSTEMPATH\Boot.php(325): CodeIgniter\CodeIgniter->run()
 5 SYSTEMPATH\Boot.php(67): CodeIgniter\Boot::runCodeIgniter(Object(CodeIgniter\CodeIgniter))
 6 FCPATH\index.php(56): CodeIgniter\Boot::bootWeb(Object(Config\Paths))
CRITICAL - 2024-08-30 14:20:11 --> ErrorException: Undefined array key "nome"
[Method: GET, Route: projetos/listar]
in APPPATH\Views\projetos\listar.php on line 244.
 1 APPPATH\Views\projetos\listar.php(244): CodeIgniter\Debug\Exceptions->errorHandler(2, 'Undefined array key "nome"', 'C:\\xampp\\htdocs\\web.local\\app\\Views\\projetos\\listar.php', 244)
 2 SYSTEMPATH\View\View.php(234): include('C:\\xampp\\htdocs\\web.local\\app\\Views\\projetos\\listar.php')
 3 SYSTEMPATH\View\View.php(237): CodeIgniter\View\View->CodeIgniter\View\{closure}()
 4 SYSTEMPATH\Common.php(1169): CodeIgniter\View\View->render('projetos/listar', [], true)
 5 APPPATH\Controllers\Home.php(30): view('projetos/listar', [...])
 6 SYSTEMPATH\CodeIgniter.php(933): App\Controllers\Home->listar()
 7 SYSTEMPATH\CodeIgniter.php(509): CodeIgniter\CodeIgniter->runController(Object(App\Controllers\Home))
 8 SYSTEMPATH\CodeIgniter.php(355): CodeIgniter\CodeIgniter->handleRequest(null, Object(Config\Cache), false)
 9 SYSTEMPATH\Boot.php(325): CodeIgniter\CodeIgniter->run()
10 SYSTEMPATH\Boot.php(67): CodeIgniter\Boot::runCodeIgniter(Object(CodeIgniter\CodeIgniter))
11 FCPATH\index.php(56): CodeIgniter\Boot::bootWeb(Object(Config\Paths))
CRITICAL - 2024-08-30 14:38:44 --> ParseError: syntax error, unexpected double-quoted string ">", expecting "," or ";"
[Method: GET, Route: projetos/listar]
in APPPATH\Views\projetos\listar.php on line 95.
 1 SYSTEMPATH\View\View.php(237): CodeIgniter\View\View->CodeIgniter\View\{closure}()
 2 SYSTEMPATH\Common.php(1169): CodeIgniter\View\View->render('projetos/listar', [], true)
 3 APPPATH\Controllers\Home.php(30): view('projetos/listar', [...])
 4 SYSTEMPATH\CodeIgniter.php(933): App\Controllers\Home->listar()
 5 SYSTEMPATH\CodeIgniter.php(509): CodeIgniter\CodeIgniter->runController(Object(App\Controllers\Home))
 6 SYSTEMPATH\CodeIgniter.php(355): CodeIgniter\CodeIgniter->handleRequest(null, Object(Config\Cache), false)
 7 SYSTEMPATH\Boot.php(325): CodeIgniter\CodeIgniter->run()
 8 SYSTEMPATH\Boot.php(67): CodeIgniter\Boot::runCodeIgniter(Object(CodeIgniter\CodeIgniter))
 9 FCPATH\index.php(56): CodeIgniter\Boot::bootWeb(Object(Config\Paths))
CRITICAL - 2024-08-30 20:41:13 --> ParseError: syntax error, unexpected token "<", expecting end of file
[Method: GET, Route: projetos/listar]
in APPPATH\Views\projetos\listar.php on line 92.
 1 SYSTEMPATH\View\View.php(237): CodeIgniter\View\View->CodeIgniter\View\{closure}()
 2 SYSTEMPATH\Common.php(1169): CodeIgniter\View\View->render('projetos/listar', [], true)
 3 APPPATH\Controllers\Home.php(30): view('projetos/listar', [...])
 4 SYSTEMPATH\CodeIgniter.php(933): App\Controllers\Home->listar()
 5 SYSTEMPATH\CodeIgniter.php(509): CodeIgniter\CodeIgniter->runController(Object(App\Controllers\Home))
 6 SYSTEMPATH\CodeIgniter.php(355): CodeIgniter\CodeIgniter->handleRequest(null, Object(Config\Cache), false)
 7 SYSTEMPATH\Boot.php(325): CodeIgniter\CodeIgniter->run()
 8 SYSTEMPATH\Boot.php(67): CodeIgniter\Boot::runCodeIgniter(Object(CodeIgniter\CodeIgniter))
 9 FCPATH\index.php(56): CodeIgniter\Boot::bootWeb(Object(Config\Paths))
CRITICAL - 2024-08-30 20:47:24 --> ParseError: syntax error, unexpected identifier "d", expecting "]"
[Method: GET, Route: projetos/listar]
in APPPATH\Views\projetos\listar.php on line 246.
 1 SYSTEMPATH\View\View.php(237): CodeIgniter\View\View->CodeIgniter\View\{closure}()
 2 SYSTEMPATH\Common.php(1169): CodeIgniter\View\View->render('projetos/listar', [], true)
 3 APPPATH\Controllers\Home.php(30): view('projetos/listar', [...])
 4 SYSTEMPATH\CodeIgniter.php(933): App\Controllers\Home->listar()
 5 SYSTEMPATH\CodeIgniter.php(509): CodeIgniter\CodeIgniter->runController(Object(App\Controllers\Home))
 6 SYSTEMPATH\CodeIgniter.php(355): CodeIgniter\CodeIgniter->handleRequest(null, Object(Config\Cache), false)
 7 SYSTEMPATH\Boot.php(325): CodeIgniter\CodeIgniter->run()
 8 SYSTEMPATH\Boot.php(67): CodeIgniter\Boot::runCodeIgniter(Object(CodeIgniter\CodeIgniter))
 9 FCPATH\index.php(56): CodeIgniter\Boot::bootWeb(Object(Config\Paths))
CRITICAL - 2024-08-30 20:47:40 --> ParseError: syntax error, unexpected identifier "d", expecting "]"
[Method: GET, Route: projetos/listar]
in APPPATH\Views\projetos\listar.php on line 246.
 1 SYSTEMPATH\View\View.php(237): CodeIgniter\View\View->CodeIgniter\View\{closure}()
 2 SYSTEMPATH\Common.php(1169): CodeIgniter\View\View->render('projetos/listar', [], true)
 3 APPPATH\Controllers\Home.php(30): view('projetos/listar', [...])
 4 SYSTEMPATH\CodeIgniter.php(933): App\Controllers\Home->listar()
 5 SYSTEMPATH\CodeIgniter.php(509): CodeIgniter\CodeIgniter->runController(Object(App\Controllers\Home))
 6 SYSTEMPATH\CodeIgniter.php(355): CodeIgniter\CodeIgniter->handleRequest(null, Object(Config\Cache), false)
 7 SYSTEMPATH\Boot.php(325): CodeIgniter\CodeIgniter->run()
 8 SYSTEMPATH\Boot.php(67): CodeIgniter\Boot::runCodeIgniter(Object(CodeIgniter\CodeIgniter))
 9 FCPATH\index.php(56): CodeIgniter\Boot::bootWeb(Object(Config\Paths))
CRITICAL - 2024-08-30 17:48:07 --> ErrorException: Undefined array key "data->format("d/m/Y H:i:s")"
[Method: GET, Route: projetos/listar]
in APPPATH\Views\projetos\listar.php on line 246.
 1 APPPATH\Views\projetos\listar.php(246): CodeIgniter\Debug\Exceptions->errorHandler(2, 'Undefined array key "data->format("d/m/Y H:i:s")"', 'C:\\xampp\\htdocs\\web.local\\app\\Views\\projetos\\listar.php', 246)
 2 SYSTEMPATH\View\View.php(234): include('C:\\xampp\\htdocs\\web.local\\app\\Views\\projetos\\listar.php')
 3 SYSTEMPATH\View\View.php(237): CodeIgniter\View\View->CodeIgniter\View\{closure}()
 4 SYSTEMPATH\Common.php(1169): CodeIgniter\View\View->render('projetos/listar', [], true)
 5 APPPATH\Controllers\Home.php(30): view('projetos/listar', [...])
 6 SYSTEMPATH\CodeIgniter.php(933): App\Controllers\Home->listar()
 7 SYSTEMPATH\CodeIgniter.php(509): CodeIgniter\CodeIgniter->runController(Object(App\Controllers\Home))
 8 SYSTEMPATH\CodeIgniter.php(355): CodeIgniter\CodeIgniter->handleRequest(null, Object(Config\Cache), false)
 9 SYSTEMPATH\Boot.php(325): CodeIgniter\CodeIgniter->run()
10 SYSTEMPATH\Boot.php(67): CodeIgniter\Boot::runCodeIgniter(Object(CodeIgniter\CodeIgniter))
11 FCPATH\index.php(56): CodeIgniter\Boot::bootWeb(Object(Config\Paths))
CRITICAL - 2024-08-30 17:48:08 --> ErrorException: Undefined array key "data->format("d/m/Y H:i:s")"
[Method: GET, Route: projetos/listar]
in APPPATH\Views\projetos\listar.php on line 246.
 1 APPPATH\Views\projetos\listar.php(246): CodeIgniter\Debug\Exceptions->errorHandler(2, 'Undefined array key "data->format("d/m/Y H:i:s")"', 'C:\\xampp\\htdocs\\web.local\\app\\Views\\projetos\\listar.php', 246)
 2 SYSTEMPATH\View\View.php(234): include('C:\\xampp\\htdocs\\web.local\\app\\Views\\projetos\\listar.php')
 3 SYSTEMPATH\View\View.php(237): CodeIgniter\View\View->CodeIgniter\View\{closure}()
 4 SYSTEMPATH\Common.php(1169): CodeIgniter\View\View->render('projetos/listar', [], true)
 5 APPPATH\Controllers\Home.php(30): view('projetos/listar', [...])
 6 SYSTEMPATH\CodeIgniter.php(933): App\Controllers\Home->listar()
 7 SYSTEMPATH\CodeIgniter.php(509): CodeIgniter\CodeIgniter->runController(Object(App\Controllers\Home))
 8 SYSTEMPATH\CodeIgniter.php(355): CodeIgniter\CodeIgniter->handleRequest(null, Object(Config\Cache), false)
 9 SYSTEMPATH\Boot.php(325): CodeIgniter\CodeIgniter->run()
10 SYSTEMPATH\Boot.php(67): CodeIgniter\Boot::runCodeIgniter(Object(CodeIgniter\CodeIgniter))
11 FCPATH\index.php(56): CodeIgniter\Boot::bootWeb(Object(Config\Paths))
CRITICAL - 2024-08-30 17:49:12 --> ErrorException: Undefined array key "data("d/m/Y H:i:s")"
[Method: GET, Route: projetos/listar]
in APPPATH\Views\projetos\listar.php on line 246.
 1 APPPATH\Views\projetos\listar.php(246): CodeIgniter\Debug\Exceptions->errorHandler(2, 'Undefined array key "data("d/m/Y H:i:s")"', 'C:\\xampp\\htdocs\\web.local\\app\\Views\\projetos\\listar.php', 246)
 2 SYSTEMPATH\View\View.php(234): include('C:\\xampp\\htdocs\\web.local\\app\\Views\\projetos\\listar.php')
 3 SYSTEMPATH\View\View.php(237): CodeIgniter\View\View->CodeIgniter\View\{closure}()
 4 SYSTEMPATH\Common.php(1169): CodeIgniter\View\View->render('projetos/listar', [], true)
 5 APPPATH\Controllers\Home.php(30): view('projetos/listar', [...])
 6 SYSTEMPATH\CodeIgniter.php(933): App\Controllers\Home->listar()
 7 SYSTEMPATH\CodeIgniter.php(509): CodeIgniter\CodeIgniter->runController(Object(App\Controllers\Home))
 8 SYSTEMPATH\CodeIgniter.php(355): CodeIgniter\CodeIgniter->handleRequest(null, Object(Config\Cache), false)
 9 SYSTEMPATH\Boot.php(325): CodeIgniter\CodeIgniter->run()
10 SYSTEMPATH\Boot.php(67): CodeIgniter\Boot::runCodeIgniter(Object(CodeIgniter\CodeIgniter))
11 FCPATH\index.php(56): CodeIgniter\Boot::bootWeb(Object(Config\Paths))
