CRITICAL - 2024-08-29 13:11:28 --> ErrorException: Undefined variable $data
[Method: POST, Route: editar]
in APPPATH\Controllers\Home.php on line 75.
 1 APPPATH\Controllers\Home.php(75): CodeIgniter\Debug\Exceptions->errorHandler(2, 'Undefined variable $data', 'C:\\xampp\\htdocs\\web.local\\app\\Controllers\\Home.php', 75)
 2 SYSTEMPATH\CodeIgniter.php(933): App\Controllers\Home->editar()
 3 SYSTEMPATH\CodeIgniter.php(509): CodeIgniter\CodeIgniter->runController(Object(App\Controllers\Home))
 4 SYSTEMPATH\CodeIgniter.php(355): CodeIgniter\CodeIgniter->handleRequest(null, Object(Config\Cache), false)
 5 SYSTEMPATH\Boot.php(325): CodeIgniter\CodeIgniter->run()
 6 SYSTEMPATH\Boot.php(67): CodeIgniter\Boot::runCodeIgniter(Object(CodeIgniter\CodeIgniter))
 7 FCPATH\index.php(56): CodeIgniter\Boot::bootWeb(Object(Config\Paths))
INFO - 2024-08-29 13:13:41 --> Session: Class initialized using 'CodeIgniter\Session\Handlers\FileHandler' driver.
INFO - 2024-08-29 13:13:48 --> Session: Class initialized using 'CodeIgniter\Session\Handlers\FileHandler' driver.
INFO - 2024-08-29 13:16:11 --> Session: Class initialized using 'CodeIgniter\Session\Handlers\FileHandler' driver.
INFO - 2024-08-29 13:16:16 --> Session: Class initialized using 'CodeIgniter\Session\Handlers\FileHandler' driver.
INFO - 2024-08-29 13:19:23 --> Session: Class initialized using 'CodeIgniter\Session\Handlers\FileHandler' driver.
ERROR - 2024-08-29 13:49:28 --> mysqli_sql_exception: You have an error in your SQL syntax; check the manual that corresponds to your MariaDB server version for the right syntax to use near 'NOT NULL,
	`validado` VARCHAR NOT NULL,
	CONSTRAINT `pk_simpac` PRIMARY KEY(`...' at line 5 in C:\xampp\htdocs\web.local\system\Database\MySQLi\Connection.php:312
Stack trace:
#0 C:\xampp\htdocs\web.local\system\Database\MySQLi\Connection.php(312): mysqli->query('CREATE TABLE `s...', 0)
#1 C:\xampp\htdocs\web.local\system\Database\BaseConnection.php(734): CodeIgniter\Database\MySQLi\Connection->execute('CREATE TABLE `s...')
#2 C:\xampp\htdocs\web.local\system\Database\BaseConnection.php(648): CodeIgniter\Database\BaseConnection->simpleQuery('CREATE TABLE `s...')
#3 C:\xampp\htdocs\web.local\system\Database\Forge.php(570): CodeIgniter\Database\BaseConnection->query('CREATE TABLE `s...')
#4 C:\xampp\htdocs\web.local\app\Database\Migrations\2024-08-29-134519_Projetos.php(39): CodeIgniter\Database\Forge->createTable('simpac')
#5 C:\xampp\htdocs\web.local\system\Database\MigrationRunner.php(867): App\Database\Migrations\Projetos->up()
#6 C:\xampp\htdocs\web.local\system\Database\MigrationRunner.php(183): CodeIgniter\Database\MigrationRunner->migrate('up', Object(stdClass))
#7 C:\xampp\htdocs\web.local\system\Commands\Database\Migrate.php(85): CodeIgniter\Database\MigrationRunner->latest(NULL)
#8 C:\xampp\htdocs\web.local\system\CLI\Commands.php(70): CodeIgniter\Commands\Database\Migrate->run(Array)
#9 C:\xampp\htdocs\web.local\system\CLI\Console.php(48): CodeIgniter\CLI\Commands->run('migrate', Array)
#10 C:\xampp\htdocs\web.local\system\Boot.php(351): CodeIgniter\CLI\Console->run()
#11 C:\xampp\htdocs\web.local\system\Boot.php(104): CodeIgniter\Boot::runCommand(Object(CodeIgniter\CLI\Console))
#12 C:\xampp\htdocs\web.local\spark(84): CodeIgniter\Boot::bootSpark(Object(Config\Paths))
#13 {main}
CRITICAL - 2024-08-29 13:52:52 --> ErrorException: Undefined array key "Usuario"
[Method: POST, Route: login/autenticar]
in APPPATH\Controllers\Login.php on line 22.
 1 APPPATH\Controllers\Login.php(22): CodeIgniter\Debug\Exceptions->errorHandler(2, 'Undefined array key "Usuario"', 'C:\\xampp\\htdocs\\web.local\\app\\Controllers\\Login.php', 22)
 2 SYSTEMPATH\CodeIgniter.php(933): App\Controllers\Login->autenticar()
 3 SYSTEMPATH\CodeIgniter.php(509): CodeIgniter\CodeIgniter->runController(Object(App\Controllers\Login))
 4 SYSTEMPATH\CodeIgniter.php(355): CodeIgniter\CodeIgniter->handleRequest(null, Object(Config\Cache), false)
 5 SYSTEMPATH\Boot.php(325): CodeIgniter\CodeIgniter->run()
 6 SYSTEMPATH\Boot.php(67): CodeIgniter\Boot::runCodeIgniter(Object(CodeIgniter\CodeIgniter))
 7 FCPATH\index.php(56): CodeIgniter\Boot::bootWeb(Object(Config\Paths))
INFO - 2024-08-29 13:56:14 --> Session: Class initialized using 'CodeIgniter\Session\Handlers\FileHandler' driver.
CRITICAL - 2024-08-29 15:41:21 --> ErrorException: Undefined variable $data
[Method: GET, Route: projetos/listar]
in APPPATH\Views\projetos\listar.php on line 126.
 1 APPPATH\Views\projetos\listar.php(126): CodeIgniter\Debug\Exceptions->errorHandler(2, 'Undefined variable $data', 'C:\\xampp\\htdocs\\web.local\\app\\Views\\projetos\\listar.php', 126)
 2 SYSTEMPATH\View\View.php(234): include('C:\\xampp\\htdocs\\web.local\\app\\Views\\projetos\\listar.php')
 3 SYSTEMPATH\View\View.php(237): CodeIgniter\View\View->CodeIgniter\View\{closure}()
 4 SYSTEMPATH\Common.php(1169): CodeIgniter\View\View->render('projetos/listar', [], true)
 5 APPPATH\Controllers\Home.php(26): view('projetos/listar', [...])
 6 SYSTEMPATH\CodeIgniter.php(933): App\Controllers\Home->listar()
 7 SYSTEMPATH\CodeIgniter.php(509): CodeIgniter\CodeIgniter->runController(Object(App\Controllers\Home))
 8 SYSTEMPATH\CodeIgniter.php(355): CodeIgniter\CodeIgniter->handleRequest(null, Object(Config\Cache), false)
 9 SYSTEMPATH\Boot.php(325): CodeIgniter\CodeIgniter->run()
10 SYSTEMPATH\Boot.php(67): CodeIgniter\Boot::runCodeIgniter(Object(CodeIgniter\CodeIgniter))
11 FCPATH\index.php(56): CodeIgniter\Boot::bootWeb(Object(Config\Paths))
CRITICAL - 2024-08-29 15:41:35 --> ErrorException: Undefined variable $data
[Method: GET, Route: projetos/listar]
in APPPATH\Views\projetos\listar.php on line 126.
 1 APPPATH\Views\projetos\listar.php(126): CodeIgniter\Debug\Exceptions->errorHandler(2, 'Undefined variable $data', 'C:\\xampp\\htdocs\\web.local\\app\\Views\\projetos\\listar.php', 126)
 2 SYSTEMPATH\View\View.php(234): include('C:\\xampp\\htdocs\\web.local\\app\\Views\\projetos\\listar.php')
 3 SYSTEMPATH\View\View.php(237): CodeIgniter\View\View->CodeIgniter\View\{closure}()
 4 SYSTEMPATH\Common.php(1169): CodeIgniter\View\View->render('projetos/listar', [], true)
 5 APPPATH\Controllers\Home.php(26): view('projetos/listar', [...])
 6 SYSTEMPATH\CodeIgniter.php(933): App\Controllers\Home->listar()
 7 SYSTEMPATH\CodeIgniter.php(509): CodeIgniter\CodeIgniter->runController(Object(App\Controllers\Home))
 8 SYSTEMPATH\CodeIgniter.php(355): CodeIgniter\CodeIgniter->handleRequest(null, Object(Config\Cache), false)
 9 SYSTEMPATH\Boot.php(325): CodeIgniter\CodeIgniter->run()
10 SYSTEMPATH\Boot.php(67): CodeIgniter\Boot::runCodeIgniter(Object(CodeIgniter\CodeIgniter))
11 FCPATH\index.php(56): CodeIgniter\Boot::bootWeb(Object(Config\Paths))
CRITICAL - 2024-08-29 15:41:37 --> ErrorException: Undefined variable $data
[Method: GET, Route: projetos/listar]
in APPPATH\Views\projetos\listar.php on line 126.
 1 APPPATH\Views\projetos\listar.php(126): CodeIgniter\Debug\Exceptions->errorHandler(2, 'Undefined variable $data', 'C:\\xampp\\htdocs\\web.local\\app\\Views\\projetos\\listar.php', 126)
 2 SYSTEMPATH\View\View.php(234): include('C:\\xampp\\htdocs\\web.local\\app\\Views\\projetos\\listar.php')
 3 SYSTEMPATH\View\View.php(237): CodeIgniter\View\View->CodeIgniter\View\{closure}()
 4 SYSTEMPATH\Common.php(1169): CodeIgniter\View\View->render('projetos/listar', [], true)
 5 APPPATH\Controllers\Home.php(26): view('projetos/listar', [...])
 6 SYSTEMPATH\CodeIgniter.php(933): App\Controllers\Home->listar()
 7 SYSTEMPATH\CodeIgniter.php(509): CodeIgniter\CodeIgniter->runController(Object(App\Controllers\Home))
 8 SYSTEMPATH\CodeIgniter.php(355): CodeIgniter\CodeIgniter->handleRequest(null, Object(Config\Cache), false)
 9 SYSTEMPATH\Boot.php(325): CodeIgniter\CodeIgniter->run()
10 SYSTEMPATH\Boot.php(67): CodeIgniter\Boot::runCodeIgniter(Object(CodeIgniter\CodeIgniter))
11 FCPATH\index.php(56): CodeIgniter\Boot::bootWeb(Object(Config\Paths))
CRITICAL - 2024-08-29 15:44:57 --> ArgumentCountError: date() expects at least 1 argument, 0 given
[Method: GET, Route: projetos/listar]
in APPPATH\Views\projetos\listar.php on line 126.
 1 APPPATH\Views\projetos\listar.php(126): date()
 2 SYSTEMPATH\View\View.php(234): include('C:\\xampp\\htdocs\\web.local\\app\\Views\\projetos\\listar.php')
 3 SYSTEMPATH\View\View.php(237): CodeIgniter\View\View->CodeIgniter\View\{closure}()
 4 SYSTEMPATH\Common.php(1169): CodeIgniter\View\View->render('projetos/listar', [], true)
 5 APPPATH\Controllers\Home.php(26): view('projetos/listar', [...])
 6 SYSTEMPATH\CodeIgniter.php(933): App\Controllers\Home->listar()
 7 SYSTEMPATH\CodeIgniter.php(509): CodeIgniter\CodeIgniter->runController(Object(App\Controllers\Home))
 8 SYSTEMPATH\CodeIgniter.php(355): CodeIgniter\CodeIgniter->handleRequest(null, Object(Config\Cache), false)
 9 SYSTEMPATH\Boot.php(325): CodeIgniter\CodeIgniter->run()
10 SYSTEMPATH\Boot.php(67): CodeIgniter\Boot::runCodeIgniter(Object(CodeIgniter\CodeIgniter))
11 FCPATH\index.php(56): CodeIgniter\Boot::bootWeb(Object(Config\Paths))
CRITICAL - 2024-08-29 15:45:09 --> Error: Undefined constant "date"
[Method: GET, Route: projetos/listar]
in APPPATH\Views\projetos\listar.php on line 126.
 1 SYSTEMPATH\View\View.php(234): include()
 2 SYSTEMPATH\View\View.php(237): CodeIgniter\View\View->CodeIgniter\View\{closure}()
 3 SYSTEMPATH\Common.php(1169): CodeIgniter\View\View->render('projetos/listar', [], true)
 4 APPPATH\Controllers\Home.php(26): view('projetos/listar', [...])
 5 SYSTEMPATH\CodeIgniter.php(933): App\Controllers\Home->listar()
 6 SYSTEMPATH\CodeIgniter.php(509): CodeIgniter\CodeIgniter->runController(Object(App\Controllers\Home))
 7 SYSTEMPATH\CodeIgniter.php(355): CodeIgniter\CodeIgniter->handleRequest(null, Object(Config\Cache), false)
 8 SYSTEMPATH\Boot.php(325): CodeIgniter\CodeIgniter->run()
 9 SYSTEMPATH\Boot.php(67): CodeIgniter\Boot::runCodeIgniter(Object(CodeIgniter\CodeIgniter))
10 FCPATH\index.php(56): CodeIgniter\Boot::bootWeb(Object(Config\Paths))
CRITICAL - 2024-08-29 15:47:37 --> ErrorException: Undefined property: Config\App::$appTimezone
[Method: GET, Route: projetos/listar]
in SYSTEMPATH\Common.php on line 55.
 1 SYSTEMPATH\Common.php(55): CodeIgniter\Debug\Exceptions->errorHandler(2, 'Undefined property: Config\\App::$appTimezone', 'C:\\xampp\\htdocs\\web.local\\system\\Common.php', 55)
 2 SYSTEMPATH\Debug\Toolbar\Collectors\Config.php(37): app_timezone()
 3 SYSTEMPATH\Debug\Toolbar.php(185): CodeIgniter\Debug\Toolbar\Collectors\Config::display()
 4 SYSTEMPATH\Debug\Toolbar.php(391): CodeIgniter\Debug\Toolbar->run(1724946457.650333, 0.079, Object(CodeIgniter\HTTP\IncomingRequest), Object(CodeIgniter\HTTP\Response))
 5 SYSTEMPATH\Filters\DebugToolbar.php(43): CodeIgniter\Debug\Toolbar->prepare(Object(CodeIgniter\HTTP\IncomingRequest), Object(CodeIgniter\HTTP\Response))
 6 SYSTEMPATH\Filters\Filters.php(241): CodeIgniter\Filters\DebugToolbar->after(Object(CodeIgniter\HTTP\IncomingRequest), Object(CodeIgniter\HTTP\Response), null)
 7 SYSTEMPATH\Filters\Filters.php(291): CodeIgniter\Filters\Filters->runAfter([...])
 8 SYSTEMPATH\CodeIgniter.php(409): CodeIgniter\Filters\Filters->runRequired('after')
 9 SYSTEMPATH\CodeIgniter.php(372): CodeIgniter\CodeIgniter->runRequiredAfterFilters(Object(CodeIgniter\Filters\Filters))
10 SYSTEMPATH\Boot.php(325): CodeIgniter\CodeIgniter->run()
11 SYSTEMPATH\Boot.php(67): CodeIgniter\Boot::runCodeIgniter(Object(CodeIgniter\CodeIgniter))
12 FCPATH\index.php(56): CodeIgniter\Boot::bootWeb(Object(Config\Paths))
CRITICAL - 2024-08-29 17:13:43 --> ErrorException: Undefined variable $id
[Method: GET, Route: projetos/listar]
in APPPATH\Controllers\Home.php on line 21.
 1 APPPATH\Controllers\Home.php(21): CodeIgniter\Debug\Exceptions->errorHandler(2, 'Undefined variable $id', 'C:\\xampp\\htdocs\\web.local\\app\\Controllers\\Home.php', 21)
 2 SYSTEMPATH\CodeIgniter.php(933): App\Controllers\Home->listar()
 3 SYSTEMPATH\CodeIgniter.php(509): CodeIgniter\CodeIgniter->runController(Object(App\Controllers\Home))
 4 SYSTEMPATH\CodeIgniter.php(355): CodeIgniter\CodeIgniter->handleRequest(null, Object(Config\Cache), false)
 5 SYSTEMPATH\Boot.php(325): CodeIgniter\CodeIgniter->run()
 6 SYSTEMPATH\Boot.php(67): CodeIgniter\Boot::runCodeIgniter(Object(CodeIgniter\CodeIgniter))
 7 FCPATH\index.php(56): CodeIgniter\Boot::bootWeb(Object(Config\Paths))
CRITICAL - 2024-08-29 17:13:44 --> ErrorException: Undefined variable $id
[Method: GET, Route: projetos/listar]
in APPPATH\Controllers\Home.php on line 21.
 1 APPPATH\Controllers\Home.php(21): CodeIgniter\Debug\Exceptions->errorHandler(2, 'Undefined variable $id', 'C:\\xampp\\htdocs\\web.local\\app\\Controllers\\Home.php', 21)
 2 SYSTEMPATH\CodeIgniter.php(933): App\Controllers\Home->listar()
 3 SYSTEMPATH\CodeIgniter.php(509): CodeIgniter\CodeIgniter->runController(Object(App\Controllers\Home))
 4 SYSTEMPATH\CodeIgniter.php(355): CodeIgniter\CodeIgniter->handleRequest(null, Object(Config\Cache), false)
 5 SYSTEMPATH\Boot.php(325): CodeIgniter\CodeIgniter->run()
 6 SYSTEMPATH\Boot.php(67): CodeIgniter\Boot::runCodeIgniter(Object(CodeIgniter\CodeIgniter))
 7 FCPATH\index.php(56): CodeIgniter\Boot::bootWeb(Object(Config\Paths))
CRITICAL - 2024-08-29 17:14:04 --> ArgumentCountError: Too few arguments to function App\Controllers\Home::listar(), 0 passed in C:\xampp\htdocs\web.local\system\CodeIgniter.php on line 933 and exactly 1 expected
[Method: GET, Route: projetos/listar]
in APPPATH\Controllers\Home.php on line 17.
 1 SYSTEMPATH\CodeIgniter.php(933): App\Controllers\Home->listar()
 2 SYSTEMPATH\CodeIgniter.php(509): CodeIgniter\CodeIgniter->runController(Object(App\Controllers\Home))
 3 SYSTEMPATH\CodeIgniter.php(355): CodeIgniter\CodeIgniter->handleRequest(null, Object(Config\Cache), false)
 4 SYSTEMPATH\Boot.php(325): CodeIgniter\CodeIgniter->run()
 5 SYSTEMPATH\Boot.php(67): CodeIgniter\Boot::runCodeIgniter(Object(CodeIgniter\CodeIgniter))
 6 FCPATH\index.php(56): CodeIgniter\Boot::bootWeb(Object(Config\Paths))
CRITICAL - 2024-08-29 17:14:05 --> ArgumentCountError: Too few arguments to function App\Controllers\Home::listar(), 0 passed in C:\xampp\htdocs\web.local\system\CodeIgniter.php on line 933 and exactly 1 expected
[Method: GET, Route: projetos/listar]
in APPPATH\Controllers\Home.php on line 17.
 1 SYSTEMPATH\CodeIgniter.php(933): App\Controllers\Home->listar()
 2 SYSTEMPATH\CodeIgniter.php(509): CodeIgniter\CodeIgniter->runController(Object(App\Controllers\Home))
 3 SYSTEMPATH\CodeIgniter.php(355): CodeIgniter\CodeIgniter->handleRequest(null, Object(Config\Cache), false)
 4 SYSTEMPATH\Boot.php(325): CodeIgniter\CodeIgniter->run()
 5 SYSTEMPATH\Boot.php(67): CodeIgniter\Boot::runCodeIgniter(Object(CodeIgniter\CodeIgniter))
 6 FCPATH\index.php(56): CodeIgniter\Boot::bootWeb(Object(Config\Paths))
CRITICAL - 2024-08-29 17:15:08 --> ErrorException: Undefined variable $id
[Method: GET, Route: projetos/listar]
in APPPATH\Controllers\Home.php on line 21.
 1 APPPATH\Controllers\Home.php(21): CodeIgniter\Debug\Exceptions->errorHandler(2, 'Undefined variable $id', 'C:\\xampp\\htdocs\\web.local\\app\\Controllers\\Home.php', 21)
 2 SYSTEMPATH\CodeIgniter.php(933): App\Controllers\Home->listar()
 3 SYSTEMPATH\CodeIgniter.php(509): CodeIgniter\CodeIgniter->runController(Object(App\Controllers\Home))
 4 SYSTEMPATH\CodeIgniter.php(355): CodeIgniter\CodeIgniter->handleRequest(null, Object(Config\Cache), false)
 5 SYSTEMPATH\Boot.php(325): CodeIgniter\CodeIgniter->run()
 6 SYSTEMPATH\Boot.php(67): CodeIgniter\Boot::runCodeIgniter(Object(CodeIgniter\CodeIgniter))
 7 FCPATH\index.php(56): CodeIgniter\Boot::bootWeb(Object(Config\Paths))
CRITICAL - 2024-08-29 17:15:08 --> ErrorException: Undefined variable $id
[Method: GET, Route: projetos/listar]
in APPPATH\Controllers\Home.php on line 21.
 1 APPPATH\Controllers\Home.php(21): CodeIgniter\Debug\Exceptions->errorHandler(2, 'Undefined variable $id', 'C:\\xampp\\htdocs\\web.local\\app\\Controllers\\Home.php', 21)
 2 SYSTEMPATH\CodeIgniter.php(933): App\Controllers\Home->listar()
 3 SYSTEMPATH\CodeIgniter.php(509): CodeIgniter\CodeIgniter->runController(Object(App\Controllers\Home))
 4 SYSTEMPATH\CodeIgniter.php(355): CodeIgniter\CodeIgniter->handleRequest(null, Object(Config\Cache), false)
 5 SYSTEMPATH\Boot.php(325): CodeIgniter\CodeIgniter->run()
 6 SYSTEMPATH\Boot.php(67): CodeIgniter\Boot::runCodeIgniter(Object(CodeIgniter\CodeIgniter))
 7 FCPATH\index.php(56): CodeIgniter\Boot::bootWeb(Object(Config\Paths))
CRITICAL - 2024-08-29 17:17:33 --> Error: Class "App\Controllers\ProjetoModel" not found
[Method: GET, Route: projetos/listarProjeto/9]
in APPPATH\Controllers\Projetos.php on line 17.
 1 SYSTEMPATH\CodeIgniter.php(933): App\Controllers\Projetos->listarProjeto('9')
 2 SYSTEMPATH\CodeIgniter.php(509): CodeIgniter\CodeIgniter->runController(Object(App\Controllers\Projetos))
 3 SYSTEMPATH\CodeIgniter.php(355): CodeIgniter\CodeIgniter->handleRequest(null, Object(Config\Cache), false)
 4 SYSTEMPATH\Boot.php(325): CodeIgniter\CodeIgniter->run()
 5 SYSTEMPATH\Boot.php(67): CodeIgniter\Boot::runCodeIgniter(Object(CodeIgniter\CodeIgniter))
 6 FCPATH\index.php(56): CodeIgniter\Boot::bootWeb(Object(Config\Paths))
CRITICAL - 2024-08-29 17:18:18 --> TypeError: Cannot access offset of type string on string
[Method: GET, Route: projetos/listarProjeto/9]
in APPPATH\Views\projetos\listarProjetos.php on line 47.
 1 SYSTEMPATH\View\View.php(234): include()
 2 SYSTEMPATH\View\View.php(237): CodeIgniter\View\View->CodeIgniter\View\{closure}()
 3 SYSTEMPATH\Common.php(1169): CodeIgniter\View\View->render('projetos/listarProjetos', [], true)
 4 APPPATH\Controllers\Projetos.php(25): view('projetos/listarProjetos', [...])
 5 SYSTEMPATH\CodeIgniter.php(933): App\Controllers\Projetos->listarProjeto('9')
 6 SYSTEMPATH\CodeIgniter.php(509): CodeIgniter\CodeIgniter->runController(Object(App\Controllers\Projetos))
 7 SYSTEMPATH\CodeIgniter.php(355): CodeIgniter\CodeIgniter->handleRequest(null, Object(Config\Cache), false)
 8 SYSTEMPATH\Boot.php(325): CodeIgniter\CodeIgniter->run()
 9 SYSTEMPATH\Boot.php(67): CodeIgniter\Boot::runCodeIgniter(Object(CodeIgniter\CodeIgniter))
10 FCPATH\index.php(56): CodeIgniter\Boot::bootWeb(Object(Config\Paths))
CRITICAL - 2024-08-29 17:18:39 --> TypeError: Cannot access offset of type string on string
[Method: GET, Route: projetos/listarProjeto/9]
in APPPATH\Views\projetos\listarProjetos.php on line 48.
 1 SYSTEMPATH\View\View.php(234): include()
 2 SYSTEMPATH\View\View.php(237): CodeIgniter\View\View->CodeIgniter\View\{closure}()
 3 SYSTEMPATH\Common.php(1169): CodeIgniter\View\View->render('projetos/listarProjetos', [], true)
 4 APPPATH\Controllers\Projetos.php(25): view('projetos/listarProjetos', [...])
 5 SYSTEMPATH\CodeIgniter.php(933): App\Controllers\Projetos->listarProjeto('9')
 6 SYSTEMPATH\CodeIgniter.php(509): CodeIgniter\CodeIgniter->runController(Object(App\Controllers\Projetos))
 7 SYSTEMPATH\CodeIgniter.php(355): CodeIgniter\CodeIgniter->handleRequest(null, Object(Config\Cache), false)
 8 SYSTEMPATH\Boot.php(325): CodeIgniter\CodeIgniter->run()
 9 SYSTEMPATH\Boot.php(67): CodeIgniter\Boot::runCodeIgniter(Object(CodeIgniter\CodeIgniter))
10 FCPATH\index.php(56): CodeIgniter\Boot::bootWeb(Object(Config\Paths))
CRITICAL - 2024-08-29 17:18:41 --> TypeError: Cannot access offset of type string on string
[Method: GET, Route: projetos/listarProjeto/9]
in APPPATH\Views\projetos\listarProjetos.php on line 48.
 1 SYSTEMPATH\View\View.php(234): include()
 2 SYSTEMPATH\View\View.php(237): CodeIgniter\View\View->CodeIgniter\View\{closure}()
 3 SYSTEMPATH\Common.php(1169): CodeIgniter\View\View->render('projetos/listarProjetos', [], true)
 4 APPPATH\Controllers\Projetos.php(25): view('projetos/listarProjetos', [...])
 5 SYSTEMPATH\CodeIgniter.php(933): App\Controllers\Projetos->listarProjeto('9')
 6 SYSTEMPATH\CodeIgniter.php(509): CodeIgniter\CodeIgniter->runController(Object(App\Controllers\Projetos))
 7 SYSTEMPATH\CodeIgniter.php(355): CodeIgniter\CodeIgniter->handleRequest(null, Object(Config\Cache), false)
 8 SYSTEMPATH\Boot.php(325): CodeIgniter\CodeIgniter->run()
 9 SYSTEMPATH\Boot.php(67): CodeIgniter\Boot::runCodeIgniter(Object(CodeIgniter\CodeIgniter))
10 FCPATH\index.php(56): CodeIgniter\Boot::bootWeb(Object(Config\Paths))
CRITICAL - 2024-08-29 17:19:07 --> TypeError: Cannot access offset of type string on string
[Method: GET, Route: projetos/listarProjeto/9]
in APPPATH\Views\projetos\listarProjetos.php on line 48.
 1 SYSTEMPATH\View\View.php(234): include()
 2 SYSTEMPATH\View\View.php(237): CodeIgniter\View\View->CodeIgniter\View\{closure}()
 3 SYSTEMPATH\Common.php(1169): CodeIgniter\View\View->render('projetos/listarProjetos', [], true)
 4 APPPATH\Controllers\Projetos.php(25): view('projetos/listarProjetos', [...])
 5 SYSTEMPATH\CodeIgniter.php(933): App\Controllers\Projetos->listarProjeto('9')
 6 SYSTEMPATH\CodeIgniter.php(509): CodeIgniter\CodeIgniter->runController(Object(App\Controllers\Projetos))
 7 SYSTEMPATH\CodeIgniter.php(355): CodeIgniter\CodeIgniter->handleRequest(null, Object(Config\Cache), false)
 8 SYSTEMPATH\Boot.php(325): CodeIgniter\CodeIgniter->run()
 9 SYSTEMPATH\Boot.php(67): CodeIgniter\Boot::runCodeIgniter(Object(CodeIgniter\CodeIgniter))
10 FCPATH\index.php(56): CodeIgniter\Boot::bootWeb(Object(Config\Paths))
CRITICAL - 2024-08-29 17:20:39 --> TypeError: Cannot access offset of type string on string
[Method: GET, Route: projetos/listarProjeto/9]
in APPPATH\Views\projetos\listarProjetos.php on line 48.
 1 SYSTEMPATH\View\View.php(234): include()
 2 SYSTEMPATH\View\View.php(237): CodeIgniter\View\View->CodeIgniter\View\{closure}()
 3 SYSTEMPATH\Common.php(1169): CodeIgniter\View\View->render('projetos/listarProjetos', [], true)
 4 APPPATH\Controllers\Projetos.php(25): view('projetos/listarProjetos', [...])
 5 SYSTEMPATH\CodeIgniter.php(933): App\Controllers\Projetos->listarProjeto('9')
 6 SYSTEMPATH\CodeIgniter.php(509): CodeIgniter\CodeIgniter->runController(Object(App\Controllers\Projetos))
 7 SYSTEMPATH\CodeIgniter.php(355): CodeIgniter\CodeIgniter->handleRequest(null, Object(Config\Cache), false)
 8 SYSTEMPATH\Boot.php(325): CodeIgniter\CodeIgniter->run()
 9 SYSTEMPATH\Boot.php(67): CodeIgniter\Boot::runCodeIgniter(Object(CodeIgniter\CodeIgniter))
10 FCPATH\index.php(56): CodeIgniter\Boot::bootWeb(Object(Config\Paths))
CRITICAL - 2024-08-29 17:24:01 --> TypeError: Cannot access offset of type string on string
[Method: GET, Route: projetos/listarProjeto/9]
in APPPATH\Views\projetos\listarProjetos.php on line 48.
 1 SYSTEMPATH\View\View.php(234): include()
 2 SYSTEMPATH\View\View.php(237): CodeIgniter\View\View->CodeIgniter\View\{closure}()
 3 SYSTEMPATH\Common.php(1169): CodeIgniter\View\View->render('projetos/listarProjetos', [], true)
 4 APPPATH\Controllers\Projetos.php(27): view('projetos/listarProjetos', [...])
 5 SYSTEMPATH\CodeIgniter.php(933): App\Controllers\Projetos->listarProjeto('9')
 6 SYSTEMPATH\CodeIgniter.php(509): CodeIgniter\CodeIgniter->runController(Object(App\Controllers\Projetos))
 7 SYSTEMPATH\CodeIgniter.php(355): CodeIgniter\CodeIgniter->handleRequest(null, Object(Config\Cache), false)
 8 SYSTEMPATH\Boot.php(325): CodeIgniter\CodeIgniter->run()
 9 SYSTEMPATH\Boot.php(67): CodeIgniter\Boot::runCodeIgniter(Object(CodeIgniter\CodeIgniter))
10 FCPATH\index.php(56): CodeIgniter\Boot::bootWeb(Object(Config\Paths))
CRITICAL - 2024-08-29 17:24:45 --> ErrorException: Undefined variable $proj
[Method: GET, Route: projetos/listarProjeto/9]
in APPPATH\Views\projetos\listarProjetos.php on line 47.
 1 APPPATH\Views\projetos\listarProjetos.php(47): CodeIgniter\Debug\Exceptions->errorHandler(2, 'Undefined variable $proj', 'C:\\xampp\\htdocs\\web.local\\app\\Views\\projetos\\listarProjetos.php', 47)
 2 SYSTEMPATH\View\View.php(234): include('C:\\xampp\\htdocs\\web.local\\app\\Views\\projetos\\listarProjetos.php')
 3 SYSTEMPATH\View\View.php(237): CodeIgniter\View\View->CodeIgniter\View\{closure}()
 4 SYSTEMPATH\Common.php(1169): CodeIgniter\View\View->render('projetos/listarProjetos', [], true)
 5 APPPATH\Controllers\Projetos.php(27): view('projetos/listarProjetos', [...])
 6 SYSTEMPATH\CodeIgniter.php(933): App\Controllers\Projetos->listarProjeto('9')
 7 SYSTEMPATH\CodeIgniter.php(509): CodeIgniter\CodeIgniter->runController(Object(App\Controllers\Projetos))
 8 SYSTEMPATH\CodeIgniter.php(355): CodeIgniter\CodeIgniter->handleRequest(null, Object(Config\Cache), false)
 9 SYSTEMPATH\Boot.php(325): CodeIgniter\CodeIgniter->run()
10 SYSTEMPATH\Boot.php(67): CodeIgniter\Boot::runCodeIgniter(Object(CodeIgniter\CodeIgniter))
11 FCPATH\index.php(56): CodeIgniter\Boot::bootWeb(Object(Config\Paths))
CRITICAL - 2024-08-29 17:24:46 --> ErrorException: Undefined variable $proj
[Method: GET, Route: projetos/listarProjeto/9]
in APPPATH\Views\projetos\listarProjetos.php on line 47.
 1 APPPATH\Views\projetos\listarProjetos.php(47): CodeIgniter\Debug\Exceptions->errorHandler(2, 'Undefined variable $proj', 'C:\\xampp\\htdocs\\web.local\\app\\Views\\projetos\\listarProjetos.php', 47)
 2 SYSTEMPATH\View\View.php(234): include('C:\\xampp\\htdocs\\web.local\\app\\Views\\projetos\\listarProjetos.php')
 3 SYSTEMPATH\View\View.php(237): CodeIgniter\View\View->CodeIgniter\View\{closure}()
 4 SYSTEMPATH\Common.php(1169): CodeIgniter\View\View->render('projetos/listarProjetos', [], true)
 5 APPPATH\Controllers\Projetos.php(27): view('projetos/listarProjetos', [...])
 6 SYSTEMPATH\CodeIgniter.php(933): App\Controllers\Projetos->listarProjeto('9')
 7 SYSTEMPATH\CodeIgniter.php(509): CodeIgniter\CodeIgniter->runController(Object(App\Controllers\Projetos))
 8 SYSTEMPATH\CodeIgniter.php(355): CodeIgniter\CodeIgniter->handleRequest(null, Object(Config\Cache), false)
 9 SYSTEMPATH\Boot.php(325): CodeIgniter\CodeIgniter->run()
10 SYSTEMPATH\Boot.php(67): CodeIgniter\Boot::runCodeIgniter(Object(CodeIgniter\CodeIgniter))
11 FCPATH\index.php(56): CodeIgniter\Boot::bootWeb(Object(Config\Paths))
CRITICAL - 2024-08-29 17:24:57 --> ErrorException: Undefined variable $proj
[Method: GET, Route: projetos/listarProjeto/9]
in APPPATH\Views\projetos\listarProjetos.php on line 48.
 1 APPPATH\Views\projetos\listarProjetos.php(48): CodeIgniter\Debug\Exceptions->errorHandler(2, 'Undefined variable $proj', 'C:\\xampp\\htdocs\\web.local\\app\\Views\\projetos\\listarProjetos.php', 48)
 2 SYSTEMPATH\View\View.php(234): include('C:\\xampp\\htdocs\\web.local\\app\\Views\\projetos\\listarProjetos.php')
 3 SYSTEMPATH\View\View.php(237): CodeIgniter\View\View->CodeIgniter\View\{closure}()
 4 SYSTEMPATH\Common.php(1169): CodeIgniter\View\View->render('projetos/listarProjetos', [], true)
 5 APPPATH\Controllers\Projetos.php(27): view('projetos/listarProjetos', [...])
 6 SYSTEMPATH\CodeIgniter.php(933): App\Controllers\Projetos->listarProjeto('9')
 7 SYSTEMPATH\CodeIgniter.php(509): CodeIgniter\CodeIgniter->runController(Object(App\Controllers\Projetos))
 8 SYSTEMPATH\CodeIgniter.php(355): CodeIgniter\CodeIgniter->handleRequest(null, Object(Config\Cache), false)
 9 SYSTEMPATH\Boot.php(325): CodeIgniter\CodeIgniter->run()
10 SYSTEMPATH\Boot.php(67): CodeIgniter\Boot::runCodeIgniter(Object(CodeIgniter\CodeIgniter))
11 FCPATH\index.php(56): CodeIgniter\Boot::bootWeb(Object(Config\Paths))
CRITICAL - 2024-08-29 17:25:50 --> ErrorException: Undefined variable $id
[Method: GET, Route: projetos/listarProjeto/12]
in APPPATH\Controllers\Projetos.php on line 19.
 1 APPPATH\Controllers\Projetos.php(19): CodeIgniter\Debug\Exceptions->errorHandler(2, 'Undefined variable $id', 'C:\\xampp\\htdocs\\web.local\\app\\Controllers\\Projetos.php', 19)
 2 SYSTEMPATH\CodeIgniter.php(933): App\Controllers\Projetos->listarProjeto('12')
 3 SYSTEMPATH\CodeIgniter.php(509): CodeIgniter\CodeIgniter->runController(Object(App\Controllers\Projetos))
 4 SYSTEMPATH\CodeIgniter.php(355): CodeIgniter\CodeIgniter->handleRequest(null, Object(Config\Cache), false)
 5 SYSTEMPATH\Boot.php(325): CodeIgniter\CodeIgniter->run()
 6 SYSTEMPATH\Boot.php(67): CodeIgniter\Boot::runCodeIgniter(Object(CodeIgniter\CodeIgniter))
 7 FCPATH\index.php(56): CodeIgniter\Boot::bootWeb(Object(Config\Paths))
CRITICAL - 2024-08-29 17:26:00 --> BadMethodCallException: Call to undefined method App\Models\ProjetoModel::findfirst
[Method: GET, Route: projetos/listarProjeto/12]
in SYSTEMPATH\Model.php on line 932.
 1 APPPATH\Controllers\Projetos.php(19): CodeIgniter\Model->__call('findfirst', [...])
 2 SYSTEMPATH\CodeIgniter.php(933): App\Controllers\Projetos->listarProjeto('12')
 3 SYSTEMPATH\CodeIgniter.php(509): CodeIgniter\CodeIgniter->runController(Object(App\Controllers\Projetos))
 4 SYSTEMPATH\CodeIgniter.php(355): CodeIgniter\CodeIgniter->handleRequest(null, Object(Config\Cache), false)
 5 SYSTEMPATH\Boot.php(325): CodeIgniter\CodeIgniter->run()
 6 SYSTEMPATH\Boot.php(67): CodeIgniter\Boot::runCodeIgniter(Object(CodeIgniter\CodeIgniter))
 7 FCPATH\index.php(56): CodeIgniter\Boot::bootWeb(Object(Config\Paths))
CRITICAL - 2024-08-29 17:26:33 --> BadMethodCallException: Call to undefined method App\Models\ProjetoModel::findFirstOrDefault
[Method: GET, Route: projetos/listarProjeto/12]
in SYSTEMPATH\Model.php on line 932.
 1 APPPATH\Controllers\Projetos.php(19): CodeIgniter\Model->__call('findFirstOrDefault', [...])
 2 SYSTEMPATH\CodeIgniter.php(933): App\Controllers\Projetos->listarProjeto('12')
 3 SYSTEMPATH\CodeIgniter.php(509): CodeIgniter\CodeIgniter->runController(Object(App\Controllers\Projetos))
 4 SYSTEMPATH\CodeIgniter.php(355): CodeIgniter\CodeIgniter->handleRequest(null, Object(Config\Cache), false)
 5 SYSTEMPATH\Boot.php(325): CodeIgniter\CodeIgniter->run()
 6 SYSTEMPATH\Boot.php(67): CodeIgniter\Boot::runCodeIgniter(Object(CodeIgniter\CodeIgniter))
 7 FCPATH\index.php(56): CodeIgniter\Boot::bootWeb(Object(Config\Paths))
CRITICAL - 2024-08-29 17:28:04 --> TypeError: Cannot access offset of type string on string
[Method: GET, Route: projetos/listarProjeto/12]
in APPPATH\Views\projetos\listarProjetos.php on line 48.
 1 SYSTEMPATH\View\View.php(234): include()
 2 SYSTEMPATH\View\View.php(237): CodeIgniter\View\View->CodeIgniter\View\{closure}()
 3 SYSTEMPATH\Common.php(1169): CodeIgniter\View\View->render('projetos/listarProjetos', [], true)
 4 APPPATH\Controllers\Projetos.php(27): view('projetos/listarProjetos', [...])
 5 SYSTEMPATH\CodeIgniter.php(933): App\Controllers\Projetos->listarProjeto('12')
 6 SYSTEMPATH\CodeIgniter.php(509): CodeIgniter\CodeIgniter->runController(Object(App\Controllers\Projetos))
 7 SYSTEMPATH\CodeIgniter.php(355): CodeIgniter\CodeIgniter->handleRequest(null, Object(Config\Cache), false)
 8 SYSTEMPATH\Boot.php(325): CodeIgniter\CodeIgniter->run()
 9 SYSTEMPATH\Boot.php(67): CodeIgniter\Boot::runCodeIgniter(Object(CodeIgniter\CodeIgniter))
10 FCPATH\index.php(56): CodeIgniter\Boot::bootWeb(Object(Config\Paths))
CRITICAL - 2024-08-29 17:28:26 --> TypeError: Cannot access offset of type string on string
[Method: GET, Route: projetos/listarProjeto/12]
in APPPATH\Views\projetos\listarProjetos.php on line 48.
 1 SYSTEMPATH\View\View.php(234): include()
 2 SYSTEMPATH\View\View.php(237): CodeIgniter\View\View->CodeIgniter\View\{closure}()
 3 SYSTEMPATH\Common.php(1169): CodeIgniter\View\View->render('projetos/listarProjetos', [], true)
 4 APPPATH\Controllers\Projetos.php(27): view('projetos/listarProjetos', [...])
 5 SYSTEMPATH\CodeIgniter.php(933): App\Controllers\Projetos->listarProjeto('12')
 6 SYSTEMPATH\CodeIgniter.php(509): CodeIgniter\CodeIgniter->runController(Object(App\Controllers\Projetos))
 7 SYSTEMPATH\CodeIgniter.php(355): CodeIgniter\CodeIgniter->handleRequest(null, Object(Config\Cache), false)
 8 SYSTEMPATH\Boot.php(325): CodeIgniter\CodeIgniter->run()
 9 SYSTEMPATH\Boot.php(67): CodeIgniter\Boot::runCodeIgniter(Object(CodeIgniter\CodeIgniter))
10 FCPATH\index.php(56): CodeIgniter\Boot::bootWeb(Object(Config\Paths))
CRITICAL - 2024-08-29 17:28:48 --> ParseError: syntax error, unexpected end of file
[Method: GET, Route: projetos/listarProjeto/12]
in APPPATH\Views\projetos\listarProjetos.php on line 65.
 1 SYSTEMPATH\View\View.php(237): CodeIgniter\View\View->CodeIgniter\View\{closure}()
 2 SYSTEMPATH\Common.php(1169): CodeIgniter\View\View->render('projetos/listarProjetos', [], true)
 3 APPPATH\Controllers\Projetos.php(27): view('projetos/listarProjetos', [...])
 4 SYSTEMPATH\CodeIgniter.php(933): App\Controllers\Projetos->listarProjeto('12')
 5 SYSTEMPATH\CodeIgniter.php(509): CodeIgniter\CodeIgniter->runController(Object(App\Controllers\Projetos))
 6 SYSTEMPATH\CodeIgniter.php(355): CodeIgniter\CodeIgniter->handleRequest(null, Object(Config\Cache), false)
 7 SYSTEMPATH\Boot.php(325): CodeIgniter\CodeIgniter->run()
 8 SYSTEMPATH\Boot.php(67): CodeIgniter\Boot::runCodeIgniter(Object(CodeIgniter\CodeIgniter))
 9 FCPATH\index.php(56): CodeIgniter\Boot::bootWeb(Object(Config\Paths))
CRITICAL - 2024-08-29 17:30:40 --> ErrorException: Undefined variable $projeto
[Method: GET, Route: projetos/listarProjeto/12]
in APPPATH\Controllers\Projetos.php on line 24.
 1 APPPATH\Controllers\Projetos.php(24): CodeIgniter\Debug\Exceptions->errorHandler(2, 'Undefined variable $projeto', 'C:\\xampp\\htdocs\\web.local\\app\\Controllers\\Projetos.php', 24)
 2 SYSTEMPATH\CodeIgniter.php(933): App\Controllers\Projetos->listarProjeto('12')
 3 SYSTEMPATH\CodeIgniter.php(509): CodeIgniter\CodeIgniter->runController(Object(App\Controllers\Projetos))
 4 SYSTEMPATH\CodeIgniter.php(355): CodeIgniter\CodeIgniter->handleRequest(null, Object(Config\Cache), false)
 5 SYSTEMPATH\Boot.php(325): CodeIgniter\CodeIgniter->run()
 6 SYSTEMPATH\Boot.php(67): CodeIgniter\Boot::runCodeIgniter(Object(CodeIgniter\CodeIgniter))
 7 FCPATH\index.php(56): CodeIgniter\Boot::bootWeb(Object(Config\Paths))
CRITICAL - 2024-08-29 17:30:48 --> ParseError: syntax error, unexpected token ")", expecting ";"
[Method: GET, Route: projetos/listarProjeto/12]
in APPPATH\Views\projetos\listarProjetos.php on line 46.
 1 SYSTEMPATH\View\View.php(237): CodeIgniter\View\View->CodeIgniter\View\{closure}()
 2 SYSTEMPATH\Common.php(1169): CodeIgniter\View\View->render('projetos/listarProjetos', [], true)
 3 APPPATH\Controllers\Projetos.php(32): view('projetos/listarProjetos', [...])
 4 SYSTEMPATH\CodeIgniter.php(933): App\Controllers\Projetos->listarProjeto('12')
 5 SYSTEMPATH\CodeIgniter.php(509): CodeIgniter\CodeIgniter->runController(Object(App\Controllers\Projetos))
 6 SYSTEMPATH\CodeIgniter.php(355): CodeIgniter\CodeIgniter->handleRequest(null, Object(Config\Cache), false)
 7 SYSTEMPATH\Boot.php(325): CodeIgniter\CodeIgniter->run()
 8 SYSTEMPATH\Boot.php(67): CodeIgniter\Boot::runCodeIgniter(Object(CodeIgniter\CodeIgniter))
 9 FCPATH\index.php(56): CodeIgniter\Boot::bootWeb(Object(Config\Paths))
CRITICAL - 2024-08-29 17:30:49 --> ParseError: syntax error, unexpected token ")", expecting ";"
[Method: GET, Route: projetos/listarProjeto/12]
in APPPATH\Views\projetos\listarProjetos.php on line 46.
 1 SYSTEMPATH\View\View.php(237): CodeIgniter\View\View->CodeIgniter\View\{closure}()
 2 SYSTEMPATH\Common.php(1169): CodeIgniter\View\View->render('projetos/listarProjetos', [], true)
 3 APPPATH\Controllers\Projetos.php(32): view('projetos/listarProjetos', [...])
 4 SYSTEMPATH\CodeIgniter.php(933): App\Controllers\Projetos->listarProjeto('12')
 5 SYSTEMPATH\CodeIgniter.php(509): CodeIgniter\CodeIgniter->runController(Object(App\Controllers\Projetos))
 6 SYSTEMPATH\CodeIgniter.php(355): CodeIgniter\CodeIgniter->handleRequest(null, Object(Config\Cache), false)
 7 SYSTEMPATH\Boot.php(325): CodeIgniter\CodeIgniter->run()
 8 SYSTEMPATH\Boot.php(67): CodeIgniter\Boot::runCodeIgniter(Object(CodeIgniter\CodeIgniter))
 9 FCPATH\index.php(56): CodeIgniter\Boot::bootWeb(Object(Config\Paths))
