CRITICAL - 2024-08-28 13:32:35 --> CodeIgniter\Router\Exceptions\RouterException: The namespace delimiter is a backslash (\), not a slash (/). Route handler: "\App\Controllers\Ajax/Projetos::getDados"
[Method: GET, Route: ajax/projetos]
in SYSTEMPATH\Router\Router.php on line 492.
 1 SYSTEMPATH\Router\Router.php(492): CodeIgniter\Router\Exceptions\RouterException::forInvalidControllerName('\\App\\Controllers\\Ajax/Projetos::getDados')
 2 SYSTEMPATH\Router\Router.php(210): CodeIgniter\Router\Router->checkRoutes('ajax/projetos')
 3 SYSTEMPATH\CodeIgniter.php(834): CodeIgniter\Router\Router->handle('ajax/projetos')
 4 SYSTEMPATH\CodeIgniter.php(457): CodeIgniter\CodeIgniter->tryToRouteIt(Object(CodeIgniter\Router\RouteCollection))
 5 SYSTEMPATH\CodeIgniter.php(355): CodeIgniter\CodeIgniter->handleRequest(null, Object(Config\Cache), false)
 6 SYSTEMPATH\Boot.php(325): CodeIgniter\CodeIgniter->run()
 7 SYSTEMPATH\Boot.php(67): CodeIgniter\Boot::runCodeIgniter(Object(CodeIgniter\CodeIgniter))
 8 FCPATH\index.php(56): CodeIgniter\Boot::bootWeb(Object(Config\Paths))
CRITICAL - 2024-08-28 13:52:03 --> ErrorException: Undefined variable $produto
[Method: GET, Route: projetos/listar]
in APPPATH\Views\projetos\listar.php on line 216.
 1 APPPATH\Views\projetos\listar.php(216): CodeIgniter\Debug\Exceptions->errorHandler(2, 'Undefined variable $produto', 'C:\\xampp\\htdocs\\web.local\\app\\Views\\projetos\\listar.php', 216)
 2 SYSTEMPATH\View\View.php(234): include('C:\\xampp\\htdocs\\web.local\\app\\Views\\projetos\\listar.php')
 3 SYSTEMPATH\View\View.php(237): CodeIgniter\View\View->CodeIgniter\View\{closure}()
 4 SYSTEMPATH\Common.php(1169): CodeIgniter\View\View->render('projetos/listar', [], true)
 5 APPPATH\Controllers\Home.php(23): view('projetos/listar', [...])
 6 SYSTEMPATH\CodeIgniter.php(933): App\Controllers\Home->listar()
 7 SYSTEMPATH\CodeIgniter.php(509): CodeIgniter\CodeIgniter->runController(Object(App\Controllers\Home))
 8 SYSTEMPATH\CodeIgniter.php(355): CodeIgniter\CodeIgniter->handleRequest(null, Object(Config\Cache), false)
 9 SYSTEMPATH\Boot.php(325): CodeIgniter\CodeIgniter->run()
10 SYSTEMPATH\Boot.php(67): CodeIgniter\Boot::runCodeIgniter(Object(CodeIgniter\CodeIgniter))
11 FCPATH\index.php(56): CodeIgniter\Boot::bootWeb(Object(Config\Paths))
CRITICAL - 2024-08-28 13:53:46 --> ErrorException: Undefined variable $produto
[Method: GET, Route: projetos/listar]
in APPPATH\Views\projetos\listar.php on line 216.
 1 APPPATH\Views\projetos\listar.php(216): CodeIgniter\Debug\Exceptions->errorHandler(2, 'Undefined variable $produto', 'C:\\xampp\\htdocs\\web.local\\app\\Views\\projetos\\listar.php', 216)
 2 SYSTEMPATH\View\View.php(234): include('C:\\xampp\\htdocs\\web.local\\app\\Views\\projetos\\listar.php')
 3 SYSTEMPATH\View\View.php(237): CodeIgniter\View\View->CodeIgniter\View\{closure}()
 4 SYSTEMPATH\Common.php(1169): CodeIgniter\View\View->render('projetos/listar', [], true)
 5 APPPATH\Controllers\Home.php(23): view('projetos/listar', [...])
 6 SYSTEMPATH\CodeIgniter.php(933): App\Controllers\Home->listar()
 7 SYSTEMPATH\CodeIgniter.php(509): CodeIgniter\CodeIgniter->runController(Object(App\Controllers\Home))
 8 SYSTEMPATH\CodeIgniter.php(355): CodeIgniter\CodeIgniter->handleRequest(null, Object(Config\Cache), false)
 9 SYSTEMPATH\Boot.php(325): CodeIgniter\CodeIgniter->run()
10 SYSTEMPATH\Boot.php(67): CodeIgniter\Boot::runCodeIgniter(Object(CodeIgniter\CodeIgniter))
11 FCPATH\index.php(56): CodeIgniter\Boot::bootWeb(Object(Config\Paths))
CRITICAL - 2024-08-28 13:53:47 --> ErrorException: Undefined variable $produto
[Method: GET, Route: projetos/listar]
in APPPATH\Views\projetos\listar.php on line 216.
 1 APPPATH\Views\projetos\listar.php(216): CodeIgniter\Debug\Exceptions->errorHandler(2, 'Undefined variable $produto', 'C:\\xampp\\htdocs\\web.local\\app\\Views\\projetos\\listar.php', 216)
 2 SYSTEMPATH\View\View.php(234): include('C:\\xampp\\htdocs\\web.local\\app\\Views\\projetos\\listar.php')
 3 SYSTEMPATH\View\View.php(237): CodeIgniter\View\View->CodeIgniter\View\{closure}()
 4 SYSTEMPATH\Common.php(1169): CodeIgniter\View\View->render('projetos/listar', [], true)
 5 APPPATH\Controllers\Home.php(23): view('projetos/listar', [...])
 6 SYSTEMPATH\CodeIgniter.php(933): App\Controllers\Home->listar()
 7 SYSTEMPATH\CodeIgniter.php(509): CodeIgniter\CodeIgniter->runController(Object(App\Controllers\Home))
 8 SYSTEMPATH\CodeIgniter.php(355): CodeIgniter\CodeIgniter->handleRequest(null, Object(Config\Cache), false)
 9 SYSTEMPATH\Boot.php(325): CodeIgniter\CodeIgniter->run()
10 SYSTEMPATH\Boot.php(67): CodeIgniter\Boot::runCodeIgniter(Object(CodeIgniter\CodeIgniter))
11 FCPATH\index.php(56): CodeIgniter\Boot::bootWeb(Object(Config\Paths))
CRITICAL - 2024-08-28 13:53:55 --> ErrorException: Undefined variable $produto
[Method: GET, Route: projetos/listar]
in APPPATH\Views\projetos\listar.php on line 216.
 1 APPPATH\Views\projetos\listar.php(216): CodeIgniter\Debug\Exceptions->errorHandler(2, 'Undefined variable $produto', 'C:\\xampp\\htdocs\\web.local\\app\\Views\\projetos\\listar.php', 216)
 2 SYSTEMPATH\View\View.php(234): include('C:\\xampp\\htdocs\\web.local\\app\\Views\\projetos\\listar.php')
 3 SYSTEMPATH\View\View.php(237): CodeIgniter\View\View->CodeIgniter\View\{closure}()
 4 SYSTEMPATH\Common.php(1169): CodeIgniter\View\View->render('projetos/listar', [], true)
 5 APPPATH\Controllers\Home.php(23): view('projetos/listar', [...])
 6 SYSTEMPATH\CodeIgniter.php(933): App\Controllers\Home->listar()
 7 SYSTEMPATH\CodeIgniter.php(509): CodeIgniter\CodeIgniter->runController(Object(App\Controllers\Home))
 8 SYSTEMPATH\CodeIgniter.php(355): CodeIgniter\CodeIgniter->handleRequest(null, Object(Config\Cache), false)
 9 SYSTEMPATH\Boot.php(325): CodeIgniter\CodeIgniter->run()
10 SYSTEMPATH\Boot.php(67): CodeIgniter\Boot::runCodeIgniter(Object(CodeIgniter\CodeIgniter))
11 FCPATH\index.php(56): CodeIgniter\Boot::bootWeb(Object(Config\Paths))
CRITICAL - 2024-08-28 15:40:22 --> CodeIgniter\View\Exceptions\ViewException: Invalid file: "table.php"
[Method: GET, Route: projetos/table]
in SYSTEMPATH\Exceptions\FrameworkException.php on line 41.
 1 SYSTEMPATH\View\View.php(222): CodeIgniter\Exceptions\FrameworkException::forInvalidFile('table.php')
 2 SYSTEMPATH\Common.php(1169): CodeIgniter\View\View->render('table', [], true)
 3 APPPATH\Controllers\Home.php(16): view('table')
 4 SYSTEMPATH\CodeIgniter.php(933): App\Controllers\Home->tabela()
 5 SYSTEMPATH\CodeIgniter.php(509): CodeIgniter\CodeIgniter->runController(Object(App\Controllers\Home))
 6 SYSTEMPATH\CodeIgniter.php(355): CodeIgniter\CodeIgniter->handleRequest(null, Object(Config\Cache), false)
 7 SYSTEMPATH\Boot.php(325): CodeIgniter\CodeIgniter->run()
 8 SYSTEMPATH\Boot.php(67): CodeIgniter\Boot::runCodeIgniter(Object(CodeIgniter\CodeIgniter))
 9 FCPATH\index.php(56): CodeIgniter\Boot::bootWeb(Object(Config\Paths))
CRITICAL - 2024-08-28 15:40:28 --> CodeIgniter\View\Exceptions\ViewException: Invalid file: "table.php"
[Method: GET, Route: projetos/table]
in SYSTEMPATH\Exceptions\FrameworkException.php on line 41.
 1 SYSTEMPATH\View\View.php(222): CodeIgniter\Exceptions\FrameworkException::forInvalidFile('table.php')
 2 SYSTEMPATH\Common.php(1169): CodeIgniter\View\View->render('table', [], true)
 3 APPPATH\Controllers\Home.php(16): view('table')
 4 SYSTEMPATH\CodeIgniter.php(933): App\Controllers\Home->tabela()
 5 SYSTEMPATH\CodeIgniter.php(509): CodeIgniter\CodeIgniter->runController(Object(App\Controllers\Home))
 6 SYSTEMPATH\CodeIgniter.php(355): CodeIgniter\CodeIgniter->handleRequest(null, Object(Config\Cache), false)
 7 SYSTEMPATH\Boot.php(325): CodeIgniter\CodeIgniter->run()
 8 SYSTEMPATH\Boot.php(67): CodeIgniter\Boot::runCodeIgniter(Object(CodeIgniter\CodeIgniter))
 9 FCPATH\index.php(56): CodeIgniter\Boot::bootWeb(Object(Config\Paths))
CRITICAL - 2024-08-28 15:41:00 --> CodeIgniter\View\Exceptions\ViewException: Invalid file: "tabela.php"
[Method: GET, Route: projetos/tabela]
in SYSTEMPATH\Exceptions\FrameworkException.php on line 41.
 1 SYSTEMPATH\View\View.php(222): CodeIgniter\Exceptions\FrameworkException::forInvalidFile('tabela.php')
 2 SYSTEMPATH\Common.php(1169): CodeIgniter\View\View->render('tabela', [], true)
 3 APPPATH\Controllers\Home.php(16): view('tabela')
 4 SYSTEMPATH\CodeIgniter.php(933): App\Controllers\Home->tabela()
 5 SYSTEMPATH\CodeIgniter.php(509): CodeIgniter\CodeIgniter->runController(Object(App\Controllers\Home))
 6 SYSTEMPATH\CodeIgniter.php(355): CodeIgniter\CodeIgniter->handleRequest(null, Object(Config\Cache), false)
 7 SYSTEMPATH\Boot.php(325): CodeIgniter\CodeIgniter->run()
 8 SYSTEMPATH\Boot.php(67): CodeIgniter\Boot::runCodeIgniter(Object(CodeIgniter\CodeIgniter))
 9 FCPATH\index.php(56): CodeIgniter\Boot::bootWeb(Object(Config\Paths))
CRITICAL - 2024-08-28 15:42:39 --> CodeIgniter\View\Exceptions\ViewException: Invalid file: "tabela.php"
[Method: GET, Route: projetos/tabela]
in SYSTEMPATH\Exceptions\FrameworkException.php on line 41.
 1 SYSTEMPATH\View\View.php(222): CodeIgniter\Exceptions\FrameworkException::forInvalidFile('tabela.php')
 2 SYSTEMPATH\Common.php(1169): CodeIgniter\View\View->render('tabela', [], true)
 3 APPPATH\Controllers\Home.php(16): view('tabela')
 4 SYSTEMPATH\CodeIgniter.php(933): App\Controllers\Home->tabela()
 5 SYSTEMPATH\CodeIgniter.php(509): CodeIgniter\CodeIgniter->runController(Object(App\Controllers\Home))
 6 SYSTEMPATH\CodeIgniter.php(355): CodeIgniter\CodeIgniter->handleRequest(null, Object(Config\Cache), false)
 7 SYSTEMPATH\Boot.php(325): CodeIgniter\CodeIgniter->run()
 8 SYSTEMPATH\Boot.php(67): CodeIgniter\Boot::runCodeIgniter(Object(CodeIgniter\CodeIgniter))
 9 FCPATH\index.php(56): CodeIgniter\Boot::bootWeb(Object(Config\Paths))
CRITICAL - 2024-08-28 16:48:06 --> ErrorException: Undefined array key "ProjetoId"
[Method: POST, Route: editar]
in APPPATH\Controllers\Home.php on line 75.
 1 APPPATH\Controllers\Home.php(75): CodeIgniter\Debug\Exceptions->errorHandler(2, 'Undefined array key "ProjetoId"', 'C:\\xampp\\htdocs\\web.local\\app\\Controllers\\Home.php', 75)
 2 SYSTEMPATH\CodeIgniter.php(933): App\Controllers\Home->editar('$1')
 3 SYSTEMPATH\CodeIgniter.php(509): CodeIgniter\CodeIgniter->runController(Object(App\Controllers\Home))
 4 SYSTEMPATH\CodeIgniter.php(355): CodeIgniter\CodeIgniter->handleRequest(null, Object(Config\Cache), false)
 5 SYSTEMPATH\Boot.php(325): CodeIgniter\CodeIgniter->run()
 6 SYSTEMPATH\Boot.php(67): CodeIgniter\Boot::runCodeIgniter(Object(CodeIgniter\CodeIgniter))
 7 FCPATH\index.php(56): CodeIgniter\Boot::bootWeb(Object(Config\Paths))
CRITICAL - 2024-08-28 16:50:08 --> Error: Undefined constant "App\Controllers\id"
[Method: POST, Route: editar]
in APPPATH\Controllers\Home.php on line 75.
 1 SYSTEMPATH\CodeIgniter.php(933): App\Controllers\Home->editar('$1')
 2 SYSTEMPATH\CodeIgniter.php(509): CodeIgniter\CodeIgniter->runController(Object(App\Controllers\Home))
 3 SYSTEMPATH\CodeIgniter.php(355): CodeIgniter\CodeIgniter->handleRequest(null, Object(Config\Cache), false)
 4 SYSTEMPATH\Boot.php(325): CodeIgniter\CodeIgniter->run()
 5 SYSTEMPATH\Boot.php(67): CodeIgniter\Boot::runCodeIgniter(Object(CodeIgniter\CodeIgniter))
 6 FCPATH\index.php(56): CodeIgniter\Boot::bootWeb(Object(Config\Paths))
CRITICAL - 2024-08-28 16:50:15 --> ErrorException: Undefined variable $id
[Method: POST, Route: editar]
in APPPATH\Controllers\Home.php on line 75.
 1 APPPATH\Controllers\Home.php(75): CodeIgniter\Debug\Exceptions->errorHandler(2, 'Undefined variable $id', 'C:\\xampp\\htdocs\\web.local\\app\\Controllers\\Home.php', 75)
 2 SYSTEMPATH\CodeIgniter.php(933): App\Controllers\Home->editar('$1')
 3 SYSTEMPATH\CodeIgniter.php(509): CodeIgniter\CodeIgniter->runController(Object(App\Controllers\Home))
 4 SYSTEMPATH\CodeIgniter.php(355): CodeIgniter\CodeIgniter->handleRequest(null, Object(Config\Cache), false)
 5 SYSTEMPATH\Boot.php(325): CodeIgniter\CodeIgniter->run()
 6 SYSTEMPATH\Boot.php(67): CodeIgniter\Boot::runCodeIgniter(Object(CodeIgniter\CodeIgniter))
 7 FCPATH\index.php(56): CodeIgniter\Boot::bootWeb(Object(Config\Paths))
CRITICAL - 2024-08-28 16:50:18 --> ErrorException: Undefined variable $id
[Method: POST, Route: editar]
in APPPATH\Controllers\Home.php on line 75.
 1 APPPATH\Controllers\Home.php(75): CodeIgniter\Debug\Exceptions->errorHandler(2, 'Undefined variable $id', 'C:\\xampp\\htdocs\\web.local\\app\\Controllers\\Home.php', 75)
 2 SYSTEMPATH\CodeIgniter.php(933): App\Controllers\Home->editar('$1')
 3 SYSTEMPATH\CodeIgniter.php(509): CodeIgniter\CodeIgniter->runController(Object(App\Controllers\Home))
 4 SYSTEMPATH\CodeIgniter.php(355): CodeIgniter\CodeIgniter->handleRequest(null, Object(Config\Cache), false)
 5 SYSTEMPATH\Boot.php(325): CodeIgniter\CodeIgniter->run()
 6 SYSTEMPATH\Boot.php(67): CodeIgniter\Boot::runCodeIgniter(Object(CodeIgniter\CodeIgniter))
 7 FCPATH\index.php(56): CodeIgniter\Boot::bootWeb(Object(Config\Paths))
CRITICAL - 2024-08-28 17:01:44 --> ErrorException: Undefined variable $id
[Method: POST, Route: editar]
in APPPATH\Controllers\Home.php on line 74.
 1 APPPATH\Controllers\Home.php(74): CodeIgniter\Debug\Exceptions->errorHandler(2, 'Undefined variable $id', 'C:\\xampp\\htdocs\\web.local\\app\\Controllers\\Home.php', 74)
 2 SYSTEMPATH\CodeIgniter.php(933): App\Controllers\Home->editar()
 3 SYSTEMPATH\CodeIgniter.php(509): CodeIgniter\CodeIgniter->runController(Object(App\Controllers\Home))
 4 SYSTEMPATH\CodeIgniter.php(355): CodeIgniter\CodeIgniter->handleRequest(null, Object(Config\Cache), false)
 5 SYSTEMPATH\Boot.php(325): CodeIgniter\CodeIgniter->run()
 6 SYSTEMPATH\Boot.php(67): CodeIgniter\Boot::runCodeIgniter(Object(CodeIgniter\CodeIgniter))
 7 FCPATH\index.php(56): CodeIgniter\Boot::bootWeb(Object(Config\Paths))
CRITICAL - 2024-08-28 17:02:01 --> ErrorException: Undefined variable $id
[Method: POST, Route: editar]
in APPPATH\Controllers\Home.php on line 74.
 1 APPPATH\Controllers\Home.php(74): CodeIgniter\Debug\Exceptions->errorHandler(2, 'Undefined variable $id', 'C:\\xampp\\htdocs\\web.local\\app\\Controllers\\Home.php', 74)
 2 SYSTEMPATH\CodeIgniter.php(933): App\Controllers\Home->editar()
 3 SYSTEMPATH\CodeIgniter.php(509): CodeIgniter\CodeIgniter->runController(Object(App\Controllers\Home))
 4 SYSTEMPATH\CodeIgniter.php(355): CodeIgniter\CodeIgniter->handleRequest(null, Object(Config\Cache), false)
 5 SYSTEMPATH\Boot.php(325): CodeIgniter\CodeIgniter->run()
 6 SYSTEMPATH\Boot.php(67): CodeIgniter\Boot::runCodeIgniter(Object(CodeIgniter\CodeIgniter))
 7 FCPATH\index.php(56): CodeIgniter\Boot::bootWeb(Object(Config\Paths))
CRITICAL - 2024-08-28 17:02:17 --> ErrorException: Undefined variable $nomeProjeto
[Method: POST, Route: editar]
in APPPATH\Controllers\Home.php on line 75.
 1 APPPATH\Controllers\Home.php(75): CodeIgniter\Debug\Exceptions->errorHandler(2, 'Undefined variable $nomeProjeto', 'C:\\xampp\\htdocs\\web.local\\app\\Controllers\\Home.php', 75)
 2 SYSTEMPATH\CodeIgniter.php(933): App\Controllers\Home->editar()
 3 SYSTEMPATH\CodeIgniter.php(509): CodeIgniter\CodeIgniter->runController(Object(App\Controllers\Home))
 4 SYSTEMPATH\CodeIgniter.php(355): CodeIgniter\CodeIgniter->handleRequest(null, Object(Config\Cache), false)
 5 SYSTEMPATH\Boot.php(325): CodeIgniter\CodeIgniter->run()
 6 SYSTEMPATH\Boot.php(67): CodeIgniter\Boot::runCodeIgniter(Object(CodeIgniter\CodeIgniter))
 7 FCPATH\index.php(56): CodeIgniter\Boot::bootWeb(Object(Config\Paths))
CRITICAL - 2024-08-28 17:07:50 --> Error: Call to a member function where() on null
[Method: POST, Route: editar]
in APPPATH\Controllers\Home.php on line 82.
 1 SYSTEMPATH\CodeIgniter.php(933): App\Controllers\Home->editar()
 2 SYSTEMPATH\CodeIgniter.php(509): CodeIgniter\CodeIgniter->runController(Object(App\Controllers\Home))
 3 SYSTEMPATH\CodeIgniter.php(355): CodeIgniter\CodeIgniter->handleRequest(null, Object(Config\Cache), false)
 4 SYSTEMPATH\Boot.php(325): CodeIgniter\CodeIgniter->run()
 5 SYSTEMPATH\Boot.php(67): CodeIgniter\Boot::runCodeIgniter(Object(CodeIgniter\CodeIgniter))
 6 FCPATH\index.php(56): CodeIgniter\Boot::bootWeb(Object(Config\Paths))
CRITICAL - 2024-08-28 17:11:52 --> ErrorException: Undefined variable $proj
[Method: GET, Route: projetos/listar]
in APPPATH\Views\projetos\listar.php on line 130.
 1 APPPATH\Views\projetos\listar.php(130): CodeIgniter\Debug\Exceptions->errorHandler(2, 'Undefined variable $proj', 'C:\\xampp\\htdocs\\web.local\\app\\Views\\projetos\\listar.php', 130)
 2 SYSTEMPATH\View\View.php(234): include('C:\\xampp\\htdocs\\web.local\\app\\Views\\projetos\\listar.php')
 3 SYSTEMPATH\View\View.php(237): CodeIgniter\View\View->CodeIgniter\View\{closure}()
 4 SYSTEMPATH\Common.php(1169): CodeIgniter\View\View->render('projetos/listar', [], true)
 5 APPPATH\Controllers\Home.php(28): view('projetos/listar', [...])
 6 SYSTEMPATH\CodeIgniter.php(933): App\Controllers\Home->listar()
 7 SYSTEMPATH\CodeIgniter.php(509): CodeIgniter\CodeIgniter->runController(Object(App\Controllers\Home))
 8 SYSTEMPATH\CodeIgniter.php(355): CodeIgniter\CodeIgniter->handleRequest(null, Object(Config\Cache), false)
 9 SYSTEMPATH\Boot.php(325): CodeIgniter\CodeIgniter->run()
10 SYSTEMPATH\Boot.php(67): CodeIgniter\Boot::runCodeIgniter(Object(CodeIgniter\CodeIgniter))
11 FCPATH\index.php(56): CodeIgniter\Boot::bootWeb(Object(Config\Paths))
CRITICAL - 2024-08-28 17:15:14 --> ErrorException: Undefined variable $proj
[Method: GET, Route: projetos/listar]
in APPPATH\Views\projetos\listar.php on line 130.
 1 APPPATH\Views\projetos\listar.php(130): CodeIgniter\Debug\Exceptions->errorHandler(2, 'Undefined variable $proj', 'C:\\xampp\\htdocs\\web.local\\app\\Views\\projetos\\listar.php', 130)
 2 SYSTEMPATH\View\View.php(234): include('C:\\xampp\\htdocs\\web.local\\app\\Views\\projetos\\listar.php')
 3 SYSTEMPATH\View\View.php(237): CodeIgniter\View\View->CodeIgniter\View\{closure}()
 4 SYSTEMPATH\Common.php(1169): CodeIgniter\View\View->render('projetos/listar', [], true)
 5 APPPATH\Controllers\Home.php(28): view('projetos/listar', [...])
 6 SYSTEMPATH\CodeIgniter.php(933): App\Controllers\Home->listar()
 7 SYSTEMPATH\CodeIgniter.php(509): CodeIgniter\CodeIgniter->runController(Object(App\Controllers\Home))
 8 SYSTEMPATH\CodeIgniter.php(355): CodeIgniter\CodeIgniter->handleRequest(null, Object(Config\Cache), false)
 9 SYSTEMPATH\Boot.php(325): CodeIgniter\CodeIgniter->run()
10 SYSTEMPATH\Boot.php(67): CodeIgniter\Boot::runCodeIgniter(Object(CodeIgniter\CodeIgniter))
11 FCPATH\index.php(56): CodeIgniter\Boot::bootWeb(Object(Config\Paths))
CRITICAL - 2024-08-28 17:15:45 --> ErrorException: Undefined variable $id
[Method: GET, Route: projetos/listar]
in APPPATH\Views\projetos\listar.php on line 130.
 1 APPPATH\Views\projetos\listar.php(130): CodeIgniter\Debug\Exceptions->errorHandler(2, 'Undefined variable $id', 'C:\\xampp\\htdocs\\web.local\\app\\Views\\projetos\\listar.php', 130)
 2 SYSTEMPATH\View\View.php(234): include('C:\\xampp\\htdocs\\web.local\\app\\Views\\projetos\\listar.php')
 3 SYSTEMPATH\View\View.php(237): CodeIgniter\View\View->CodeIgniter\View\{closure}()
 4 SYSTEMPATH\Common.php(1169): CodeIgniter\View\View->render('projetos/listar', [], true)
 5 APPPATH\Controllers\Home.php(28): view('projetos/listar', [...])
 6 SYSTEMPATH\CodeIgniter.php(933): App\Controllers\Home->listar()
 7 SYSTEMPATH\CodeIgniter.php(509): CodeIgniter\CodeIgniter->runController(Object(App\Controllers\Home))
 8 SYSTEMPATH\CodeIgniter.php(355): CodeIgniter\CodeIgniter->handleRequest(null, Object(Config\Cache), false)
 9 SYSTEMPATH\Boot.php(325): CodeIgniter\CodeIgniter->run()
10 SYSTEMPATH\Boot.php(67): CodeIgniter\Boot::runCodeIgniter(Object(CodeIgniter\CodeIgniter))
11 FCPATH\index.php(56): CodeIgniter\Boot::bootWeb(Object(Config\Paths))
CRITICAL - 2024-08-28 17:15:47 --> ErrorException: Undefined variable $id
[Method: GET, Route: projetos/listar]
in APPPATH\Views\projetos\listar.php on line 130.
 1 APPPATH\Views\projetos\listar.php(130): CodeIgniter\Debug\Exceptions->errorHandler(2, 'Undefined variable $id', 'C:\\xampp\\htdocs\\web.local\\app\\Views\\projetos\\listar.php', 130)
 2 SYSTEMPATH\View\View.php(234): include('C:\\xampp\\htdocs\\web.local\\app\\Views\\projetos\\listar.php')
 3 SYSTEMPATH\View\View.php(237): CodeIgniter\View\View->CodeIgniter\View\{closure}()
 4 SYSTEMPATH\Common.php(1169): CodeIgniter\View\View->render('projetos/listar', [], true)
 5 APPPATH\Controllers\Home.php(28): view('projetos/listar', [...])
 6 SYSTEMPATH\CodeIgniter.php(933): App\Controllers\Home->listar()
 7 SYSTEMPATH\CodeIgniter.php(509): CodeIgniter\CodeIgniter->runController(Object(App\Controllers\Home))
 8 SYSTEMPATH\CodeIgniter.php(355): CodeIgniter\CodeIgniter->handleRequest(null, Object(Config\Cache), false)
 9 SYSTEMPATH\Boot.php(325): CodeIgniter\CodeIgniter->run()
10 SYSTEMPATH\Boot.php(67): CodeIgniter\Boot::runCodeIgniter(Object(CodeIgniter\CodeIgniter))
11 FCPATH\index.php(56): CodeIgniter\Boot::bootWeb(Object(Config\Paths))
CRITICAL - 2024-08-28 17:15:48 --> ErrorException: Undefined variable $id
[Method: GET, Route: projetos/listar]
in APPPATH\Views\projetos\listar.php on line 130.
 1 APPPATH\Views\projetos\listar.php(130): CodeIgniter\Debug\Exceptions->errorHandler(2, 'Undefined variable $id', 'C:\\xampp\\htdocs\\web.local\\app\\Views\\projetos\\listar.php', 130)
 2 SYSTEMPATH\View\View.php(234): include('C:\\xampp\\htdocs\\web.local\\app\\Views\\projetos\\listar.php')
 3 SYSTEMPATH\View\View.php(237): CodeIgniter\View\View->CodeIgniter\View\{closure}()
 4 SYSTEMPATH\Common.php(1169): CodeIgniter\View\View->render('projetos/listar', [], true)
 5 APPPATH\Controllers\Home.php(28): view('projetos/listar', [...])
 6 SYSTEMPATH\CodeIgniter.php(933): App\Controllers\Home->listar()
 7 SYSTEMPATH\CodeIgniter.php(509): CodeIgniter\CodeIgniter->runController(Object(App\Controllers\Home))
 8 SYSTEMPATH\CodeIgniter.php(355): CodeIgniter\CodeIgniter->handleRequest(null, Object(Config\Cache), false)
 9 SYSTEMPATH\Boot.php(325): CodeIgniter\CodeIgniter->run()
10 SYSTEMPATH\Boot.php(67): CodeIgniter\Boot::runCodeIgniter(Object(CodeIgniter\CodeIgniter))
11 FCPATH\index.php(56): CodeIgniter\Boot::bootWeb(Object(Config\Paths))
CRITICAL - 2024-08-28 17:33:29 --> ParseError: Unclosed '{' on line 68
[Method: GET, Route: projetos/listar]
in APPPATH\Controllers\Home.php on line 98.
 1 SYSTEMPATH\Autoloader\Autoloader.php(296): CodeIgniter\Autoloader\Autoloader->includeFile('C:\\xampp\\htdocs\\web.local\\app\\Controllers\\Home.php')
 2 SYSTEMPATH\Autoloader\Autoloader.php(272): CodeIgniter\Autoloader\Autoloader->loadInNamespace('App\\Controllers\\Home')
 3 [internal function]: CodeIgniter\Autoloader\Autoloader->loadClass('App\\Controllers\\Home')
 4 SYSTEMPATH\CodeIgniter.php(887): class_exists('\\App\\Controllers\\Home', true)
 5 SYSTEMPATH\CodeIgniter.php(496): CodeIgniter\CodeIgniter->startController()
 6 SYSTEMPATH\CodeIgniter.php(355): CodeIgniter\CodeIgniter->handleRequest(null, Object(Config\Cache), false)
 7 SYSTEMPATH\Boot.php(325): CodeIgniter\CodeIgniter->run()
 8 SYSTEMPATH\Boot.php(67): CodeIgniter\Boot::runCodeIgniter(Object(CodeIgniter\CodeIgniter))
 9 FCPATH\index.php(56): CodeIgniter\Boot::bootWeb(Object(Config\Paths))
CRITICAL - 2024-08-28 23:28:19 --> Error: Class "App\Controllers\mysqli" not found
[Method: POST, Route: editar]
in APPPATH\Controllers\Home.php on line 76.
 1 SYSTEMPATH\CodeIgniter.php(933): App\Controllers\Home->editar()
 2 SYSTEMPATH\CodeIgniter.php(509): CodeIgniter\CodeIgniter->runController(Object(App\Controllers\Home))
 3 SYSTEMPATH\CodeIgniter.php(355): CodeIgniter\CodeIgniter->handleRequest(null, Object(Config\Cache), false)
 4 SYSTEMPATH\Boot.php(325): CodeIgniter\CodeIgniter->run()
 5 SYSTEMPATH\Boot.php(67): CodeIgniter\Boot::runCodeIgniter(Object(CodeIgniter\CodeIgniter))
 6 FCPATH\index.php(56): CodeIgniter\Boot::bootWeb(Object(Config\Paths))
