CRITICAL - 2024-09-03 04:59:02 --> ErrorException: Undefined variable $avaliador
[Method: GET, Route: projetos/listarProjeto/43]
in APPPATH\Views\projetos\listarProjetos.php on line 31.
 1 APPPATH\Views\projetos\listarProjetos.php(31): CodeIgniter\Debug\Exceptions->errorHandler(2, 'Undefined variable $avaliador', 'C:\\xampp\\htdocs\\web.local\\app\\Views\\projetos\\listarProjetos.php', 31)
 2 SYSTEMPATH\View\View.php(234): include('C:\\xampp\\htdocs\\web.local\\app\\Views\\projetos\\listarProjetos.php')
 3 SYSTEMPATH\View\View.php(237): CodeIgniter\View\View->CodeIgniter\View\{closure}()
 4 SYSTEMPATH\Common.php(1169): CodeIgniter\View\View->render('projetos/listarProjetos', [], true)
 5 APPPATH\Controllers\Projetos.php(38): view('projetos/listarProjetos', [...])
 6 SYSTEMPATH\CodeIgniter.php(933): App\Controllers\Projetos->listarProjeto('43')
 7 SYSTEMPATH\CodeIgniter.php(509): CodeIgniter\CodeIgniter->runController(Object(App\Controllers\Projetos))
 8 SYSTEMPATH\CodeIgniter.php(355): CodeIgniter\CodeIgniter->handleRequest(null, Object(Config\Cache), false)
 9 SYSTEMPATH\Boot.php(325): CodeIgniter\CodeIgniter->run()
10 SYSTEMPATH\Boot.php(67): CodeIgniter\Boot::runCodeIgniter(Object(CodeIgniter\CodeIgniter))
11 FCPATH\index.php(56): CodeIgniter\Boot::bootWeb(Object(Config\Paths))
CRITICAL - 2024-09-03 05:00:30 --> ErrorException: Undefined variable $avaliador
[Method: GET, Route: projetos/listarProjeto/43]
in APPPATH\Views\projetos\listarProjetos.php on line 31.
 1 APPPATH\Views\projetos\listarProjetos.php(31): CodeIgniter\Debug\Exceptions->errorHandler(2, 'Undefined variable $avaliador', 'C:\\xampp\\htdocs\\web.local\\app\\Views\\projetos\\listarProjetos.php', 31)
 2 SYSTEMPATH\View\View.php(234): include('C:\\xampp\\htdocs\\web.local\\app\\Views\\projetos\\listarProjetos.php')
 3 SYSTEMPATH\View\View.php(237): CodeIgniter\View\View->CodeIgniter\View\{closure}()
 4 SYSTEMPATH\Common.php(1169): CodeIgniter\View\View->render('projetos/listarProjetos', [], true)
 5 APPPATH\Controllers\Projetos.php(40): view('projetos/listarProjetos', [...])
 6 SYSTEMPATH\CodeIgniter.php(933): App\Controllers\Projetos->listarProjeto('43')
 7 SYSTEMPATH\CodeIgniter.php(509): CodeIgniter\CodeIgniter->runController(Object(App\Controllers\Projetos))
 8 SYSTEMPATH\CodeIgniter.php(355): CodeIgniter\CodeIgniter->handleRequest(null, Object(Config\Cache), false)
 9 SYSTEMPATH\Boot.php(325): CodeIgniter\CodeIgniter->run()
10 SYSTEMPATH\Boot.php(67): CodeIgniter\Boot::runCodeIgniter(Object(CodeIgniter\CodeIgniter))
11 FCPATH\index.php(56): CodeIgniter\Boot::bootWeb(Object(Config\Paths))
CRITICAL - 2024-09-03 05:00:38 --> ErrorException: Undefined variable $avaliador
[Method: GET, Route: projetos/listarProjeto/43]
in APPPATH\Views\projetos\listarProjetos.php on line 31.
 1 APPPATH\Views\projetos\listarProjetos.php(31): CodeIgniter\Debug\Exceptions->errorHandler(2, 'Undefined variable $avaliador', 'C:\\xampp\\htdocs\\web.local\\app\\Views\\projetos\\listarProjetos.php', 31)
 2 SYSTEMPATH\View\View.php(234): include('C:\\xampp\\htdocs\\web.local\\app\\Views\\projetos\\listarProjetos.php')
 3 SYSTEMPATH\View\View.php(237): CodeIgniter\View\View->CodeIgniter\View\{closure}()
 4 SYSTEMPATH\Common.php(1169): CodeIgniter\View\View->render('projetos/listarProjetos', [], true)
 5 APPPATH\Controllers\Projetos.php(40): view('projetos/listarProjetos', [...])
 6 SYSTEMPATH\CodeIgniter.php(933): App\Controllers\Projetos->listarProjeto('43')
 7 SYSTEMPATH\CodeIgniter.php(509): CodeIgniter\CodeIgniter->runController(Object(App\Controllers\Projetos))
 8 SYSTEMPATH\CodeIgniter.php(355): CodeIgniter\CodeIgniter->handleRequest(null, Object(Config\Cache), false)
 9 SYSTEMPATH\Boot.php(325): CodeIgniter\CodeIgniter->run()
10 SYSTEMPATH\Boot.php(67): CodeIgniter\Boot::runCodeIgniter(Object(CodeIgniter\CodeIgniter))
11 FCPATH\index.php(56): CodeIgniter\Boot::bootWeb(Object(Config\Paths))
CRITICAL - 2024-09-03 05:01:10 --> ErrorException: Undefined variable $data_avaliador
[Method: GET, Route: projetos/listarProjeto/43]
in APPPATH\Controllers\Projetos.php on line 41.
 1 APPPATH\Controllers\Projetos.php(41): CodeIgniter\Debug\Exceptions->errorHandler(2, 'Undefined variable $data_avaliador', 'C:\\xampp\\htdocs\\web.local\\app\\Controllers\\Projetos.php', 41)
 2 SYSTEMPATH\CodeIgniter.php(933): App\Controllers\Projetos->listarProjeto('43')
 3 SYSTEMPATH\CodeIgniter.php(509): CodeIgniter\CodeIgniter->runController(Object(App\Controllers\Projetos))
 4 SYSTEMPATH\CodeIgniter.php(355): CodeIgniter\CodeIgniter->handleRequest(null, Object(Config\Cache), false)
 5 SYSTEMPATH\Boot.php(325): CodeIgniter\CodeIgniter->run()
 6 SYSTEMPATH\Boot.php(67): CodeIgniter\Boot::runCodeIgniter(Object(CodeIgniter\CodeIgniter))
 7 FCPATH\index.php(56): CodeIgniter\Boot::bootWeb(Object(Config\Paths))
CRITICAL - 2024-09-03 05:01:21 --> ErrorException: Undefined variable $avaliador
[Method: GET, Route: projetos/listarProjeto/43]
in APPPATH\Views\projetos\listarProjetos.php on line 31.
 1 APPPATH\Views\projetos\listarProjetos.php(31): CodeIgniter\Debug\Exceptions->errorHandler(2, 'Undefined variable $avaliador', 'C:\\xampp\\htdocs\\web.local\\app\\Views\\projetos\\listarProjetos.php', 31)
 2 SYSTEMPATH\View\View.php(234): include('C:\\xampp\\htdocs\\web.local\\app\\Views\\projetos\\listarProjetos.php')
 3 SYSTEMPATH\View\View.php(237): CodeIgniter\View\View->CodeIgniter\View\{closure}()
 4 SYSTEMPATH\Common.php(1169): CodeIgniter\View\View->render('projetos/listarProjetos', [...], true)
 5 APPPATH\Controllers\Projetos.php(41): view('projetos/listarProjetos', [...], [...])
 6 SYSTEMPATH\CodeIgniter.php(933): App\Controllers\Projetos->listarProjeto('43')
 7 SYSTEMPATH\CodeIgniter.php(509): CodeIgniter\CodeIgniter->runController(Object(App\Controllers\Projetos))
 8 SYSTEMPATH\CodeIgniter.php(355): CodeIgniter\CodeIgniter->handleRequest(null, Object(Config\Cache), false)
 9 SYSTEMPATH\Boot.php(325): CodeIgniter\CodeIgniter->run()
10 SYSTEMPATH\Boot.php(67): CodeIgniter\Boot::runCodeIgniter(Object(CodeIgniter\CodeIgniter))
11 FCPATH\index.php(56): CodeIgniter\Boot::bootWeb(Object(Config\Paths))
CRITICAL - 2024-09-03 05:06:53 --> ErrorException: Undefined variable $avaliadores
[Method: GET, Route: projetos/listarProjeto/43]
in APPPATH\Views\projetos\listarProjetos.php on line 22.
 1 APPPATH\Views\projetos\listarProjetos.php(22): CodeIgniter\Debug\Exceptions->errorHandler(2, 'Undefined variable $avaliadores', 'C:\\xampp\\htdocs\\web.local\\app\\Views\\projetos\\listarProjetos.php', 22)
 2 SYSTEMPATH\View\View.php(234): include('C:\\xampp\\htdocs\\web.local\\app\\Views\\projetos\\listarProjetos.php')
 3 SYSTEMPATH\View\View.php(237): CodeIgniter\View\View->CodeIgniter\View\{closure}()
 4 SYSTEMPATH\Common.php(1169): CodeIgniter\View\View->render('projetos/listarProjetos', [], true)
 5 APPPATH\Controllers\Projetos.php(41): view('projetos/listarProjetos', [...])
 6 SYSTEMPATH\CodeIgniter.php(933): App\Controllers\Projetos->listarProjeto('43')
 7 SYSTEMPATH\CodeIgniter.php(509): CodeIgniter\CodeIgniter->runController(Object(App\Controllers\Projetos))
 8 SYSTEMPATH\CodeIgniter.php(355): CodeIgniter\CodeIgniter->handleRequest(null, Object(Config\Cache), false)
 9 SYSTEMPATH\Boot.php(325): CodeIgniter\CodeIgniter->run()
10 SYSTEMPATH\Boot.php(67): CodeIgniter\Boot::runCodeIgniter(Object(CodeIgniter\CodeIgniter))
11 FCPATH\index.php(56): CodeIgniter\Boot::bootWeb(Object(Config\Paths))
CRITICAL - 2024-09-03 05:07:03 --> ErrorException: Undefined variable $avaliadores
[Method: GET, Route: projetos/listarProjeto/43]
in APPPATH\Views\projetos\listarProjetos.php on line 22.
 1 APPPATH\Views\projetos\listarProjetos.php(22): CodeIgniter\Debug\Exceptions->errorHandler(2, 'Undefined variable $avaliadores', 'C:\\xampp\\htdocs\\web.local\\app\\Views\\projetos\\listarProjetos.php', 22)
 2 SYSTEMPATH\View\View.php(234): include('C:\\xampp\\htdocs\\web.local\\app\\Views\\projetos\\listarProjetos.php')
 3 SYSTEMPATH\View\View.php(237): CodeIgniter\View\View->CodeIgniter\View\{closure}()
 4 SYSTEMPATH\Common.php(1169): CodeIgniter\View\View->render('projetos/listarProjetos', [], true)
 5 APPPATH\Controllers\Projetos.php(41): view('projetos/listarProjetos', [...])
 6 SYSTEMPATH\CodeIgniter.php(933): App\Controllers\Projetos->listarProjeto('43')
 7 SYSTEMPATH\CodeIgniter.php(509): CodeIgniter\CodeIgniter->runController(Object(App\Controllers\Projetos))
 8 SYSTEMPATH\CodeIgniter.php(355): CodeIgniter\CodeIgniter->handleRequest(null, Object(Config\Cache), false)
 9 SYSTEMPATH\Boot.php(325): CodeIgniter\CodeIgniter->run()
10 SYSTEMPATH\Boot.php(67): CodeIgniter\Boot::runCodeIgniter(Object(CodeIgniter\CodeIgniter))
11 FCPATH\index.php(56): CodeIgniter\Boot::bootWeb(Object(Config\Paths))
CRITICAL - 2024-09-03 05:07:15 --> TypeError: Cannot access offset of type string on string
[Method: GET, Route: projetos/listarProjeto/43]
in APPPATH\Views\projetos\listarProjetos.php on line 39.
 1 SYSTEMPATH\View\View.php(234): include()
 2 SYSTEMPATH\View\View.php(237): CodeIgniter\View\View->CodeIgniter\View\{closure}()
 3 SYSTEMPATH\Common.php(1169): CodeIgniter\View\View->render('projetos/listarProjetos', [], true)
 4 APPPATH\Controllers\Projetos.php(41): view('projetos/listarProjetos', [...])
 5 SYSTEMPATH\CodeIgniter.php(933): App\Controllers\Projetos->listarProjeto('43')
 6 SYSTEMPATH\CodeIgniter.php(509): CodeIgniter\CodeIgniter->runController(Object(App\Controllers\Projetos))
 7 SYSTEMPATH\CodeIgniter.php(355): CodeIgniter\CodeIgniter->handleRequest(null, Object(Config\Cache), false)
 8 SYSTEMPATH\Boot.php(325): CodeIgniter\CodeIgniter->run()
 9 SYSTEMPATH\Boot.php(67): CodeIgniter\Boot::runCodeIgniter(Object(CodeIgniter\CodeIgniter))
10 FCPATH\index.php(56): CodeIgniter\Boot::bootWeb(Object(Config\Paths))
CRITICAL - 2024-09-03 05:08:21 --> ErrorException: Undefined variable $avaliadores
[Method: GET, Route: projetos/listarProjeto/43]
in APPPATH\Views\projetos\listarProjetos.php on line 21.
 1 APPPATH\Views\projetos\listarProjetos.php(21): CodeIgniter\Debug\Exceptions->errorHandler(2, 'Undefined variable $avaliadores', 'C:\\xampp\\htdocs\\web.local\\app\\Views\\projetos\\listarProjetos.php', 21)
 2 SYSTEMPATH\View\View.php(234): include('C:\\xampp\\htdocs\\web.local\\app\\Views\\projetos\\listarProjetos.php')
 3 SYSTEMPATH\View\View.php(237): CodeIgniter\View\View->CodeIgniter\View\{closure}()
 4 SYSTEMPATH\Common.php(1169): CodeIgniter\View\View->render('projetos/listarProjetos', [], true)
 5 APPPATH\Controllers\Projetos.php(41): view('projetos/listarProjetos', [...])
 6 SYSTEMPATH\CodeIgniter.php(933): App\Controllers\Projetos->listarProjeto('43')
 7 SYSTEMPATH\CodeIgniter.php(509): CodeIgniter\CodeIgniter->runController(Object(App\Controllers\Projetos))
 8 SYSTEMPATH\CodeIgniter.php(355): CodeIgniter\CodeIgniter->handleRequest(null, Object(Config\Cache), false)
 9 SYSTEMPATH\Boot.php(325): CodeIgniter\CodeIgniter->run()
10 SYSTEMPATH\Boot.php(67): CodeIgniter\Boot::runCodeIgniter(Object(CodeIgniter\CodeIgniter))
11 FCPATH\index.php(56): CodeIgniter\Boot::bootWeb(Object(Config\Paths))
